{"/Users/kenty/kyoino/think-auth/think-admin-back/app.ts": {"path":"/Users/kenty/kyoino/think-auth/think-admin-back/app.ts","statementMap":{"0":{"start":{"line":1,"column":0},"end":{"line":1,"column":28}},"1":{"start":{"line":2,"column":0},"end":{"line":2,"column":30}},"2":{"start":{"line":3,"column":0},"end":{"line":3,"column":41}},"3":{"start":{"line":4,"column":0},"end":{"line":4,"column":37}},"4":{"start":{"line":5,"column":0},"end":{"line":5,"column":24}},"5":{"start":{"line":6,"column":0},"end":{"line":6,"column":28}},"6":{"start":{"line":8,"column":0},"end":{"line":8,"column":34}},"7":{"start":{"line":9,"column":0},"end":{"line":9,"column":29}},"8":{"start":{"line":10,"column":0},"end":{"line":10,"column":60}},"9":{"start":{"line":11,"column":0},"end":{"line":11,"column":54}},"10":{"start":{"line":12,"column":0},"end":{"line":12,"column":43}},"11":{"start":{"line":13,"column":0},"end":{"line":13,"column":69}},"12":{"start":{"line":15,"column":12},"end":{"line":15,"column":21}},"13":{"start":{"line":16,"column":0},"end":{"line":32,"column":3}},"14":{"start":{"line":16,"column":35},"end":{"line":32,"column":2}},"15":{"start":{"line":18,"column":2},"end":{"line":18,"column":25}},"16":{"start":{"line":19,"column":2},"end":{"line":19,"column":29}},"17":{"start":{"line":20,"column":2},"end":{"line":20,"column":54}},"18":{"start":{"line":21,"column":2},"end":{"line":21,"column":26}},"19":{"start":{"line":22,"column":2},"end":{"line":22,"column":18}},"20":{"start":{"line":23,"column":2},"end":{"line":23,"column":20}},"21":{"start":{"line":24,"column":2},"end":{"line":24,"column":58}},"22":{"start":{"line":26,"column":2},"end":{"line":26,"column":27}},"23":{"start":{"line":27,"column":2},"end":{"line":27,"column":29}},"24":{"start":{"line":28,"column":2},"end":{"line":30,"column":null}},"25":{"start":{"line":29,"column":4},"end":{"line":29,"column":51}},"26":{"start":{"line":31,"column":2},"end":{"line":31,"column":23}},"27":{"start":{"line":34,"column":0},"end":{"line":34,"column":19}}},"fnMap":{"0":{"name":"(anonymous_9)","decl":{"start":{"line":16,"column":24},"end":{"line":16,"column":33}},"loc":{"start":{"line":16,"column":35},"end":{"line":32,"column":2}}},"1":{"name":"(anonymous_10)","decl":{"start":{"line":16,"column":35},"end":{"line":16,"column":null}},"loc":{"start":{"line":16,"column":35},"end":{"line":32,"column":1}}}},"branchMap":{"0":{"loc":{"start":{"line":28,"column":2},"end":{"line":30,"column":null}},"type":"if","locations":[{"start":{"line":28,"column":2},"end":{"line":30,"column":null}},{"start":{"line":28,"column":2},"end":{"line":30,"column":null}}]}},"s":{"0":1,"1":1,"2":1,"3":1,"4":1,"5":1,"6":1,"7":1,"8":1,"9":1,"10":1,"11":1,"12":1,"13":1,"14":0,"15":0,"16":0,"17":0,"18":0,"19":0,"20":0,"21":0,"22":0,"23":0,"24":0,"25":0,"26":0,"27":1},"f":{"0":0,"1":0},"b":{"0":[0,0]}}
,"/Users/kenty/kyoino/think-auth/think-admin-back/ormconfig.ts": {"path":"/Users/kenty/kyoino/think-auth/think-admin-back/ormconfig.ts","statementMap":{"0":{"start":{"line":3,"column":18},"end":{"line":21,"column":2}},"1":{"start":{"line":24,"column":0},"end":{"line":24,"column":19}}},"fnMap":{},"branchMap":{},"s":{"0":1,"1":1},"f":{},"b":{}}
,"/Users/kenty/kyoino/think-auth/think-admin-back/src/config/config.ts": {"path":"/Users/kenty/kyoino/think-auth/think-admin-back/src/config/config.ts","statementMap":{"0":{"start":{"line":1,"column":0},"end":{"line":4,"column":2}}},"fnMap":{},"branchMap":{},"s":{"0":1},"f":{},"b":{}}
,"/Users/kenty/kyoino/think-auth/think-admin-back/src/controllers/AdminController.ts": {"path":"/Users/kenty/kyoino/think-auth/think-admin-back/src/controllers/AdminController.ts","statementMap":{"0":{"start":{"line":2,"column":0},"end":{"line":2,"column":36}},"1":{"start":{"line":3,"column":0},"end":{"line":3,"column":40}},"2":{"start":{"line":4,"column":0},"end":{"line":4,"column":43}},"3":{"start":{"line":6,"column":0},"end":{"line":6,"column":41}},"4":{"start":{"line":7,"column":0},"end":{"line":7,"column":38}},"5":{"start":{"line":8,"column":0},"end":{"line":8,"column":38}},"6":{"start":{"line":11,"column":9},"end":{"line":54,"column":4}},"7":{"start":{"line":11,"column":70},"end":{"line":54,"column":4}},"8":{"start":{"line":13,"column":35},"end":{"line":13,"column":43}},"9":{"start":{"line":14,"column":4},"end":{"line":16,"column":null}},"10":{"start":{"line":15,"column":6},"end":{"line":15,"column":29}},"11":{"start":{"line":19,"column":28},"end":{"line":19,"column":49}},"12":{"start":{"line":21,"column":4},"end":{"line":29,"column":null}},"13":{"start":{"line":22,"column":6},"end":{"line":26,"column":18}},"14":{"start":{"line":28,"column":6},"end":{"line":28,"column":46}},"15":{"start":{"line":31,"column":4},"end":{"line":34,"column":null}},"16":{"start":{"line":32,"column":6},"end":{"line":32,"column":29}},"17":{"start":{"line":33,"column":6},"end":{"line":33,"column":13}},"18":{"start":{"line":37,"column":4},"end":{"line":40,"column":null}},"19":{"start":{"line":38,"column":6},"end":{"line":38,"column":29}},"20":{"start":{"line":39,"column":6},"end":{"line":39,"column":13}},"21":{"start":{"line":43,"column":18},"end":{"line":46,"column":null}},"22":{"start":{"line":50,"column":4},"end":{"line":50,"column":42}},"23":{"start":{"line":53,"column":4},"end":{"line":53,"column":31}},"24":{"start":{"line":56,"column":9},"end":{"line":104,"column":4}},"25":{"start":{"line":59,"column":21},"end":{"line":104,"column":4}},"26":{"start":{"line":61,"column":15},"end":{"line":61,"column":39}},"27":{"start":{"line":64,"column":41},"end":{"line":64,"column":49}},"28":{"start":{"line":65,"column":4},"end":{"line":67,"column":null}},"29":{"start":{"line":66,"column":6},"end":{"line":66,"column":29}},"30":{"start":{"line":70,"column":28},"end":{"line":70,"column":49}},"31":{"start":{"line":72,"column":4},"end":{"line":80,"column":null}},"32":{"start":{"line":73,"column":6},"end":{"line":77,"column":18}},"33":{"start":{"line":79,"column":6},"end":{"line":79,"column":29}},"34":{"start":{"line":81,"column":4},"end":{"line":84,"column":null}},"35":{"start":{"line":82,"column":6},"end":{"line":82,"column":29}},"36":{"start":{"line":83,"column":6},"end":{"line":83,"column":13}},"37":{"start":{"line":87,"column":4},"end":{"line":90,"column":null}},"38":{"start":{"line":88,"column":6},"end":{"line":88,"column":29}},"39":{"start":{"line":89,"column":6},"end":{"line":89,"column":13}},"40":{"start":{"line":93,"column":4},"end":{"line":93,"column":34}},"41":{"start":{"line":94,"column":19},"end":{"line":94,"column":41}},"42":{"start":{"line":95,"column":4},"end":{"line":98,"column":null}},"43":{"start":{"line":96,"column":6},"end":{"line":96,"column":35}},"44":{"start":{"line":97,"column":6},"end":{"line":97,"column":13}},"45":{"start":{"line":100,"column":4},"end":{"line":100,"column":46}},"46":{"start":{"line":101,"column":4},"end":{"line":101,"column":39}},"47":{"start":{"line":103,"column":4},"end":{"line":103,"column":27}},"48":{"start":{"line":106,"column":9},"end":{"line":131,"column":4}},"49":{"start":{"line":106,"column":67},"end":{"line":131,"column":4}},"50":{"start":{"line":108,"column":26},"end":{"line":108,"column":76}},"51":{"start":{"line":109,"column":4},"end":{"line":113,"column":null}},"52":{"start":{"line":111,"column":6},"end":{"line":111,"column":45}},"53":{"start":{"line":112,"column":6},"end":{"line":112,"column":13}},"54":{"start":{"line":117,"column":18},"end":{"line":117,"column":33}},"55":{"start":{"line":119,"column":4},"end":{"line":130,"column":null}},"56":{"start":{"line":121,"column":6},"end":{"line":121,"column":62}},"57":{"start":{"line":124,"column":30},"end":{"line":124,"column":51}},"58":{"start":{"line":125,"column":21},"end":{"line":125,"column":71}},"59":{"start":{"line":126,"column":6},"end":{"line":126,"column":35}},"60":{"start":{"line":128,"column":6},"end":{"line":128,"column":29}},"61":{"start":{"line":129,"column":6},"end":{"line":129,"column":13}},"62":{"start":{"line":134,"column":0},"end":{"line":134,"column":31}}},"fnMap":{"0":{"name":"(anonymous_9)","decl":{"start":{"line":11,"column":17},"end":{"line":11,"column":24}},"loc":{"start":{"line":11,"column":70},"end":{"line":54,"column":4}}},"1":{"name":"(anonymous_10)","decl":{"start":{"line":11,"column":70},"end":{"line":11,"column":null}},"loc":{"start":{"line":11,"column":70},"end":{"line":54,"column":3}}},"2":{"name":"(anonymous_11)","decl":{"start":{"line":56,"column":26},"end":{"line":56,"column":null}},"loc":{"start":{"line":59,"column":21},"end":{"line":104,"column":4}}},"3":{"name":"(anonymous_12)","decl":{"start":{"line":59,"column":21},"end":{"line":59,"column":null}},"loc":{"start":{"line":59,"column":21},"end":{"line":104,"column":3}}},"4":{"name":"(anonymous_13)","decl":{"start":{"line":106,"column":14},"end":{"line":106,"column":21}},"loc":{"start":{"line":106,"column":67},"end":{"line":131,"column":4}}},"5":{"name":"(anonymous_14)","decl":{"start":{"line":106,"column":67},"end":{"line":106,"column":null}},"loc":{"start":{"line":106,"column":67},"end":{"line":131,"column":3}}}},"branchMap":{"0":{"loc":{"start":{"line":14,"column":4},"end":{"line":16,"column":null}},"type":"if","locations":[{"start":{"line":14,"column":4},"end":{"line":16,"column":null}},{"start":{"line":14,"column":4},"end":{"line":16,"column":null}}]},"1":{"loc":{"start":{"line":14,"column":10},"end":{"line":14,"column":18}},"type":"binary-expr","locations":[{"start":{"line":14,"column":10},"end":{"line":14,"column":18}},{"start":{"line":14,"column":22},"end":{"line":14,"column":30}}]},"2":{"loc":{"start":{"line":31,"column":4},"end":{"line":34,"column":null}},"type":"if","locations":[{"start":{"line":31,"column":4},"end":{"line":34,"column":null}},{"start":{"line":31,"column":4},"end":{"line":34,"column":null}}]},"3":{"loc":{"start":{"line":37,"column":4},"end":{"line":40,"column":null}},"type":"if","locations":[{"start":{"line":37,"column":4},"end":{"line":40,"column":null}},{"start":{"line":37,"column":4},"end":{"line":40,"column":null}}]},"4":{"loc":{"start":{"line":65,"column":4},"end":{"line":67,"column":null}},"type":"if","locations":[{"start":{"line":65,"column":4},"end":{"line":67,"column":null}},{"start":{"line":65,"column":4},"end":{"line":67,"column":null}}]},"5":{"loc":{"start":{"line":65,"column":10},"end":{"line":65,"column":21}},"type":"binary-expr","locations":[{"start":{"line":65,"column":10},"end":{"line":65,"column":21}},{"start":{"line":65,"column":25},"end":{"line":65,"column":36}}]},"6":{"loc":{"start":{"line":81,"column":4},"end":{"line":84,"column":null}},"type":"if","locations":[{"start":{"line":81,"column":4},"end":{"line":84,"column":null}},{"start":{"line":81,"column":4},"end":{"line":84,"column":null}}]},"7":{"loc":{"start":{"line":87,"column":4},"end":{"line":90,"column":null}},"type":"if","locations":[{"start":{"line":87,"column":4},"end":{"line":90,"column":null}},{"start":{"line":87,"column":4},"end":{"line":90,"column":null}}]},"8":{"loc":{"start":{"line":95,"column":4},"end":{"line":98,"column":null}},"type":"if","locations":[{"start":{"line":95,"column":4},"end":{"line":98,"column":null}},{"start":{"line":95,"column":4},"end":{"line":98,"column":null}}]},"9":{"loc":{"start":{"line":109,"column":4},"end":{"line":113,"column":null}},"type":"if","locations":[{"start":{"line":109,"column":4},"end":{"line":113,"column":null}},{"start":{"line":109,"column":4},"end":{"line":113,"column":null}}]}},"s":{"0":1,"1":1,"2":1,"3":1,"4":1,"5":1,"6":1,"7":0,"8":0,"9":0,"10":0,"11":0,"12":0,"13":0,"14":0,"15":0,"16":0,"17":0,"18":0,"19":0,"20":0,"21":0,"22":0,"23":0,"24":1,"25":0,"26":0,"27":0,"28":0,"29":0,"30":0,"31":0,"32":0,"33":0,"34":0,"35":0,"36":0,"37":0,"38":0,"39":0,"40":0,"41":0,"42":0,"43":0,"44":0,"45":0,"46":0,"47":0,"48":1,"49":0,"50":0,"51":0,"52":0,"53":0,"54":0,"55":0,"56":0,"57":0,"58":0,"59":0,"60":0,"61":0,"62":1},"f":{"0":0,"1":0,"2":0,"3":0,"4":0,"5":0},"b":{"0":[0,0],"1":[0,0],"2":[0,0],"3":[0,0],"4":[0,0],"5":[0,0],"6":[0,0],"7":[0,0],"8":[0,0],"9":[0,0]}}
,"/Users/kenty/kyoino/think-auth/think-admin-back/src/controllers/GroupController.ts": {"path":"/Users/kenty/kyoino/think-auth/think-admin-back/src/controllers/GroupController.ts","statementMap":{"0":{"start":{"line":2,"column":0},"end":{"line":2,"column":40}},"1":{"start":{"line":3,"column":0},"end":{"line":3,"column":43}},"2":{"start":{"line":5,"column":0},"end":{"line":5,"column":40}},"3":{"start":{"line":8,"column":9},"end":{"line":20,"column":4}},"4":{"start":{"line":8,"column":72},"end":{"line":20,"column":4}},"5":{"start":{"line":10,"column":28},"end":{"line":10,"column":48}},"6":{"start":{"line":11,"column":4},"end":{"line":19,"column":null}},"7":{"start":{"line":12,"column":21},"end":{"line":12,"column":49}},"8":{"start":{"line":14,"column":6},"end":{"line":14,"column":35}},"9":{"start":{"line":15,"column":6},"end":{"line":15,"column":13}},"10":{"start":{"line":17,"column":6},"end":{"line":17,"column":47}},"11":{"start":{"line":18,"column":6},"end":{"line":18,"column":13}},"12":{"start":{"line":22,"column":9},"end":{"line":51,"column":4}},"13":{"start":{"line":22,"column":73},"end":{"line":51,"column":4}},"14":{"start":{"line":24,"column":65},"end":{"line":24,"column":73}},"15":{"start":{"line":26,"column":18},"end":{"line":31,"column":6}},"16":{"start":{"line":34,"column":19},"end":{"line":34,"column":40}},"17":{"start":{"line":35,"column":4},"end":{"line":38,"column":null}},"18":{"start":{"line":36,"column":6},"end":{"line":36,"column":35}},"19":{"start":{"line":37,"column":6},"end":{"line":37,"column":13}},"20":{"start":{"line":41,"column":28},"end":{"line":41,"column":48}},"21":{"start":{"line":42,"column":4},"end":{"line":47,"column":null}},"22":{"start":{"line":43,"column":6},"end":{"line":43,"column":40}},"23":{"start":{"line":45,"column":6},"end":{"line":45,"column":41}},"24":{"start":{"line":46,"column":6},"end":{"line":46,"column":13}},"25":{"start":{"line":50,"column":4},"end":{"line":50,"column":57}},"26":{"start":{"line":53,"column":9},"end":{"line":94,"column":4}},"27":{"start":{"line":53,"column":74},"end":{"line":94,"column":4}},"28":{"start":{"line":55,"column":15},"end":{"line":55,"column":28}},"29":{"start":{"line":58,"column":65},"end":{"line":58,"column":73}},"30":{"start":{"line":61,"column":28},"end":{"line":61,"column":48}},"31":{"start":{"line":63,"column":4},"end":{"line":69,"column":null}},"32":{"start":{"line":64,"column":6},"end":{"line":64,"column":54}},"33":{"start":{"line":67,"column":6},"end":{"line":67,"column":54}},"34":{"start":{"line":68,"column":6},"end":{"line":68,"column":13}},"35":{"start":{"line":72,"column":4},"end":{"line":77,"column":7}},"36":{"start":{"line":79,"column":19},"end":{"line":79,"column":40}},"37":{"start":{"line":80,"column":4},"end":{"line":83,"column":null}},"38":{"start":{"line":81,"column":6},"end":{"line":81,"column":35}},"39":{"start":{"line":82,"column":6},"end":{"line":82,"column":13}},"40":{"start":{"line":86,"column":4},"end":{"line":91,"column":null}},"41":{"start":{"line":87,"column":6},"end":{"line":87,"column":40}},"42":{"start":{"line":89,"column":6},"end":{"line":89,"column":50}},"43":{"start":{"line":90,"column":6},"end":{"line":90,"column":13}},"44":{"start":{"line":93,"column":4},"end":{"line":93,"column":57}},"45":{"start":{"line":96,"column":9},"end":{"line":112,"column":4}},"46":{"start":{"line":96,"column":76},"end":{"line":112,"column":4}},"47":{"start":{"line":98,"column":15},"end":{"line":98,"column":28}},"48":{"start":{"line":100,"column":28},"end":{"line":100,"column":48}},"49":{"start":{"line":102,"column":4},"end":{"line":107,"column":null}},"50":{"start":{"line":103,"column":6},"end":{"line":103,"column":54}},"51":{"start":{"line":105,"column":6},"end":{"line":105,"column":56}},"52":{"start":{"line":106,"column":6},"end":{"line":106,"column":13}},"53":{"start":{"line":108,"column":4},"end":{"line":108,"column":37}},"54":{"start":{"line":111,"column":4},"end":{"line":111,"column":57}},"55":{"start":{"line":115,"column":0},"end":{"line":115,"column":31}}},"fnMap":{"0":{"name":"(anonymous_7)","decl":{"start":{"line":8,"column":19},"end":{"line":8,"column":26}},"loc":{"start":{"line":8,"column":72},"end":{"line":20,"column":4}}},"1":{"name":"(anonymous_8)","decl":{"start":{"line":8,"column":72},"end":{"line":8,"column":null}},"loc":{"start":{"line":8,"column":72},"end":{"line":20,"column":3}}},"2":{"name":"(anonymous_9)","decl":{"start":{"line":22,"column":20},"end":{"line":22,"column":27}},"loc":{"start":{"line":22,"column":73},"end":{"line":51,"column":4}}},"3":{"name":"(anonymous_10)","decl":{"start":{"line":22,"column":73},"end":{"line":22,"column":null}},"loc":{"start":{"line":22,"column":73},"end":{"line":51,"column":3}}},"4":{"name":"(anonymous_11)","decl":{"start":{"line":53,"column":21},"end":{"line":53,"column":28}},"loc":{"start":{"line":53,"column":74},"end":{"line":94,"column":4}}},"5":{"name":"(anonymous_12)","decl":{"start":{"line":53,"column":74},"end":{"line":53,"column":null}},"loc":{"start":{"line":53,"column":74},"end":{"line":94,"column":3}}},"6":{"name":"(anonymous_13)","decl":{"start":{"line":96,"column":23},"end":{"line":96,"column":30}},"loc":{"start":{"line":96,"column":76},"end":{"line":112,"column":4}}},"7":{"name":"(anonymous_14)","decl":{"start":{"line":96,"column":76},"end":{"line":96,"column":null}},"loc":{"start":{"line":96,"column":76},"end":{"line":112,"column":3}}}},"branchMap":{"0":{"loc":{"start":{"line":35,"column":4},"end":{"line":38,"column":null}},"type":"if","locations":[{"start":{"line":35,"column":4},"end":{"line":38,"column":null}},{"start":{"line":35,"column":4},"end":{"line":38,"column":null}}]},"1":{"loc":{"start":{"line":80,"column":4},"end":{"line":83,"column":null}},"type":"if","locations":[{"start":{"line":80,"column":4},"end":{"line":83,"column":null}},{"start":{"line":80,"column":4},"end":{"line":83,"column":null}}]}},"s":{"0":1,"1":1,"2":1,"3":1,"4":0,"5":0,"6":0,"7":0,"8":0,"9":0,"10":0,"11":0,"12":1,"13":0,"14":0,"15":0,"16":0,"17":0,"18":0,"19":0,"20":0,"21":0,"22":0,"23":0,"24":0,"25":0,"26":1,"27":0,"28":0,"29":0,"30":0,"31":0,"32":0,"33":0,"34":0,"35":0,"36":0,"37":0,"38":0,"39":0,"40":0,"41":0,"42":0,"43":0,"44":0,"45":1,"46":0,"47":0,"48":0,"49":0,"50":0,"51":0,"52":0,"53":0,"54":0,"55":1},"f":{"0":0,"1":0,"2":0,"3":0,"4":0,"5":0,"6":0,"7":0},"b":{"0":[0,0],"1":[0,0]}}
,"/Users/kenty/kyoino/think-auth/think-admin-back/src/controllers/MaintenancesController.ts": {"path":"/Users/kenty/kyoino/think-auth/think-admin-back/src/controllers/MaintenancesController.ts","statementMap":{"0":{"start":{"line":2,"column":0},"end":{"line":2,"column":40}},"1":{"start":{"line":3,"column":0},"end":{"line":3,"column":43}},"2":{"start":{"line":5,"column":0},"end":{"line":5,"column":54}},"3":{"start":{"line":8,"column":9},"end":{"line":21,"column":4}},"4":{"start":{"line":8,"column":75},"end":{"line":21,"column":4}},"5":{"start":{"line":10,"column":15},"end":{"line":10,"column":27}},"6":{"start":{"line":13,"column":35},"end":{"line":13,"column":62}},"7":{"start":{"line":14,"column":4},"end":{"line":20,"column":null}},"8":{"start":{"line":15,"column":27},"end":{"line":15,"column":73}},"9":{"start":{"line":16,"column":6},"end":{"line":16,"column":47}},"10":{"start":{"line":18,"column":6},"end":{"line":18,"column":76}},"11":{"start":{"line":19,"column":6},"end":{"line":19,"column":13}},"12":{"start":{"line":23,"column":9},"end":{"line":65,"column":4}},"13":{"start":{"line":26,"column":21},"end":{"line":65,"column":4}},"14":{"start":{"line":28,"column":15},"end":{"line":28,"column":27}},"15":{"start":{"line":31,"column":34},"end":{"line":31,"column":42}},"16":{"start":{"line":34,"column":35},"end":{"line":34,"column":62}},"17":{"start":{"line":36,"column":4},"end":{"line":42,"column":null}},"18":{"start":{"line":37,"column":6},"end":{"line":37,"column":68}},"19":{"start":{"line":40,"column":6},"end":{"line":40,"column":61}},"20":{"start":{"line":41,"column":6},"end":{"line":41,"column":13}},"21":{"start":{"line":45,"column":4},"end":{"line":48,"column":7}},"22":{"start":{"line":50,"column":19},"end":{"line":50,"column":47}},"23":{"start":{"line":51,"column":4},"end":{"line":54,"column":null}},"24":{"start":{"line":52,"column":6},"end":{"line":52,"column":35}},"25":{"start":{"line":53,"column":6},"end":{"line":53,"column":13}},"26":{"start":{"line":57,"column":4},"end":{"line":62,"column":null}},"27":{"start":{"line":58,"column":6},"end":{"line":58,"column":54}},"28":{"start":{"line":60,"column":6},"end":{"line":60,"column":50}},"29":{"start":{"line":61,"column":6},"end":{"line":61,"column":13}},"30":{"start":{"line":64,"column":4},"end":{"line":64,"column":45}},"31":{"start":{"line":67,"column":0},"end":{"line":67,"column":38}}},"fnMap":{"0":{"name":"(anonymous_7)","decl":{"start":{"line":8,"column":22},"end":{"line":8,"column":29}},"loc":{"start":{"line":8,"column":75},"end":{"line":21,"column":4}}},"1":{"name":"(anonymous_8)","decl":{"start":{"line":8,"column":75},"end":{"line":8,"column":null}},"loc":{"start":{"line":8,"column":75},"end":{"line":21,"column":3}}},"2":{"name":"(anonymous_9)","decl":{"start":{"line":23,"column":28},"end":{"line":23,"column":null}},"loc":{"start":{"line":26,"column":21},"end":{"line":65,"column":4}}},"3":{"name":"(anonymous_10)","decl":{"start":{"line":26,"column":21},"end":{"line":26,"column":null}},"loc":{"start":{"line":26,"column":21},"end":{"line":65,"column":3}}}},"branchMap":{"0":{"loc":{"start":{"line":51,"column":4},"end":{"line":54,"column":null}},"type":"if","locations":[{"start":{"line":51,"column":4},"end":{"line":54,"column":null}},{"start":{"line":51,"column":4},"end":{"line":54,"column":null}}]}},"s":{"0":1,"1":1,"2":1,"3":1,"4":0,"5":0,"6":0,"7":0,"8":0,"9":0,"10":0,"11":0,"12":1,"13":0,"14":0,"15":0,"16":0,"17":0,"18":0,"19":0,"20":0,"21":0,"22":0,"23":0,"24":0,"25":0,"26":0,"27":0,"28":0,"29":0,"30":0,"31":1},"f":{"0":0,"1":0,"2":0,"3":0},"b":{"0":[0,0]}}
,"/Users/kenty/kyoino/think-auth/think-admin-back/src/controllers/NoticeController.ts": {"path":"/Users/kenty/kyoino/think-auth/think-admin-back/src/controllers/NoticeController.ts","statementMap":{"0":{"start":{"line":2,"column":0},"end":{"line":2,"column":40}},"1":{"start":{"line":3,"column":0},"end":{"line":3,"column":43}},"2":{"start":{"line":5,"column":0},"end":{"line":5,"column":42}},"3":{"start":{"line":8,"column":9},"end":{"line":20,"column":4}},"4":{"start":{"line":8,"column":72},"end":{"line":20,"column":4}},"5":{"start":{"line":10,"column":29},"end":{"line":10,"column":50}},"6":{"start":{"line":11,"column":4},"end":{"line":19,"column":null}},"7":{"start":{"line":12,"column":21},"end":{"line":12,"column":50}},"8":{"start":{"line":13,"column":6},"end":{"line":13,"column":35}},"9":{"start":{"line":15,"column":6},"end":{"line":15,"column":13}},"10":{"start":{"line":17,"column":6},"end":{"line":17,"column":41}},"11":{"start":{"line":18,"column":6},"end":{"line":18,"column":13}},"12":{"start":{"line":22,"column":9},"end":{"line":35,"column":4}},"13":{"start":{"line":22,"column":75},"end":{"line":35,"column":4}},"14":{"start":{"line":24,"column":15},"end":{"line":24,"column":27}},"15":{"start":{"line":27,"column":29},"end":{"line":27,"column":50}},"16":{"start":{"line":28,"column":4},"end":{"line":34,"column":null}},"17":{"start":{"line":29,"column":21},"end":{"line":29,"column":61}},"18":{"start":{"line":30,"column":6},"end":{"line":30,"column":35}},"19":{"start":{"line":32,"column":6},"end":{"line":32,"column":70}},"20":{"start":{"line":33,"column":6},"end":{"line":33,"column":13}},"21":{"start":{"line":37,"column":9},"end":{"line":68,"column":4}},"22":{"start":{"line":37,"column":74},"end":{"line":68,"column":4}},"23":{"start":{"line":39,"column":69},"end":{"line":39,"column":77}},"24":{"start":{"line":41,"column":4},"end":{"line":41,"column":26}},"25":{"start":{"line":42,"column":19},"end":{"line":48,"column":6}},"26":{"start":{"line":51,"column":19},"end":{"line":51,"column":41}},"27":{"start":{"line":52,"column":4},"end":{"line":55,"column":null}},"28":{"start":{"line":53,"column":6},"end":{"line":53,"column":35}},"29":{"start":{"line":54,"column":6},"end":{"line":54,"column":13}},"30":{"start":{"line":58,"column":29},"end":{"line":58,"column":50}},"31":{"start":{"line":59,"column":4},"end":{"line":64,"column":null}},"32":{"start":{"line":60,"column":6},"end":{"line":60,"column":42}},"33":{"start":{"line":62,"column":6},"end":{"line":62,"column":41}},"34":{"start":{"line":63,"column":6},"end":{"line":63,"column":13}},"35":{"start":{"line":67,"column":4},"end":{"line":67,"column":59}},"36":{"start":{"line":70,"column":9},"end":{"line":119,"column":4}},"37":{"start":{"line":70,"column":75},"end":{"line":119,"column":4}},"38":{"start":{"line":72,"column":15},"end":{"line":72,"column":27}},"39":{"start":{"line":82,"column":8},"end":{"line":82,"column":16}},"40":{"start":{"line":85,"column":29},"end":{"line":85,"column":50}},"41":{"start":{"line":87,"column":4},"end":{"line":93,"column":null}},"42":{"start":{"line":88,"column":6},"end":{"line":88,"column":56}},"43":{"start":{"line":91,"column":6},"end":{"line":91,"column":55}},"44":{"start":{"line":92,"column":6},"end":{"line":92,"column":13}},"45":{"start":{"line":96,"column":4},"end":{"line":102,"column":7}},"46":{"start":{"line":104,"column":19},"end":{"line":104,"column":41}},"47":{"start":{"line":105,"column":4},"end":{"line":108,"column":null}},"48":{"start":{"line":106,"column":6},"end":{"line":106,"column":35}},"49":{"start":{"line":107,"column":6},"end":{"line":107,"column":13}},"50":{"start":{"line":111,"column":4},"end":{"line":116,"column":null}},"51":{"start":{"line":112,"column":6},"end":{"line":112,"column":42}},"52":{"start":{"line":114,"column":6},"end":{"line":114,"column":50}},"53":{"start":{"line":115,"column":6},"end":{"line":115,"column":13}},"54":{"start":{"line":118,"column":4},"end":{"line":118,"column":59}},"55":{"start":{"line":121,"column":9},"end":{"line":137,"column":4}},"56":{"start":{"line":121,"column":77},"end":{"line":137,"column":4}},"57":{"start":{"line":123,"column":15},"end":{"line":123,"column":27}},"58":{"start":{"line":125,"column":29},"end":{"line":125,"column":50}},"59":{"start":{"line":127,"column":4},"end":{"line":132,"column":null}},"60":{"start":{"line":128,"column":6},"end":{"line":128,"column":56}},"61":{"start":{"line":130,"column":6},"end":{"line":130,"column":57}},"62":{"start":{"line":131,"column":6},"end":{"line":131,"column":13}},"63":{"start":{"line":133,"column":4},"end":{"line":133,"column":38}},"64":{"start":{"line":136,"column":4},"end":{"line":136,"column":59}},"65":{"start":{"line":139,"column":0},"end":{"line":139,"column":32}}},"fnMap":{"0":{"name":"(anonymous_7)","decl":{"start":{"line":8,"column":19},"end":{"line":8,"column":26}},"loc":{"start":{"line":8,"column":72},"end":{"line":20,"column":4}}},"1":{"name":"(anonymous_8)","decl":{"start":{"line":8,"column":72},"end":{"line":8,"column":null}},"loc":{"start":{"line":8,"column":72},"end":{"line":20,"column":3}}},"2":{"name":"(anonymous_9)","decl":{"start":{"line":22,"column":22},"end":{"line":22,"column":29}},"loc":{"start":{"line":22,"column":75},"end":{"line":35,"column":4}}},"3":{"name":"(anonymous_10)","decl":{"start":{"line":22,"column":75},"end":{"line":22,"column":null}},"loc":{"start":{"line":22,"column":75},"end":{"line":35,"column":3}}},"4":{"name":"(anonymous_11)","decl":{"start":{"line":37,"column":21},"end":{"line":37,"column":28}},"loc":{"start":{"line":37,"column":74},"end":{"line":68,"column":4}}},"5":{"name":"(anonymous_12)","decl":{"start":{"line":37,"column":74},"end":{"line":37,"column":null}},"loc":{"start":{"line":37,"column":74},"end":{"line":68,"column":3}}},"6":{"name":"(anonymous_13)","decl":{"start":{"line":70,"column":22},"end":{"line":70,"column":29}},"loc":{"start":{"line":70,"column":75},"end":{"line":119,"column":4}}},"7":{"name":"(anonymous_14)","decl":{"start":{"line":70,"column":75},"end":{"line":70,"column":null}},"loc":{"start":{"line":70,"column":75},"end":{"line":119,"column":3}}},"8":{"name":"(anonymous_15)","decl":{"start":{"line":121,"column":24},"end":{"line":121,"column":31}},"loc":{"start":{"line":121,"column":77},"end":{"line":137,"column":4}}},"9":{"name":"(anonymous_16)","decl":{"start":{"line":121,"column":77},"end":{"line":121,"column":null}},"loc":{"start":{"line":121,"column":77},"end":{"line":137,"column":3}}}},"branchMap":{"0":{"loc":{"start":{"line":52,"column":4},"end":{"line":55,"column":null}},"type":"if","locations":[{"start":{"line":52,"column":4},"end":{"line":55,"column":null}},{"start":{"line":52,"column":4},"end":{"line":55,"column":null}}]},"1":{"loc":{"start":{"line":105,"column":4},"end":{"line":108,"column":null}},"type":"if","locations":[{"start":{"line":105,"column":4},"end":{"line":108,"column":null}},{"start":{"line":105,"column":4},"end":{"line":108,"column":null}}]}},"s":{"0":1,"1":1,"2":1,"3":1,"4":0,"5":0,"6":0,"7":0,"8":0,"9":0,"10":0,"11":0,"12":1,"13":0,"14":0,"15":0,"16":0,"17":0,"18":0,"19":0,"20":0,"21":1,"22":0,"23":0,"24":0,"25":0,"26":0,"27":0,"28":0,"29":0,"30":0,"31":0,"32":0,"33":0,"34":0,"35":0,"36":1,"37":0,"38":0,"39":0,"40":0,"41":0,"42":0,"43":0,"44":0,"45":0,"46":0,"47":0,"48":0,"49":0,"50":0,"51":0,"52":0,"53":0,"54":0,"55":1,"56":0,"57":0,"58":0,"59":0,"60":0,"61":0,"62":0,"63":0,"64":0,"65":1},"f":{"0":0,"1":0,"2":0,"3":0,"4":0,"5":0,"6":0,"7":0,"8":0,"9":0},"b":{"0":[0,0],"1":[0,0]}}
,"/Users/kenty/kyoino/think-auth/think-admin-back/src/controllers/PlanesController.ts": {"path":"/Users/kenty/kyoino/think-auth/think-admin-back/src/controllers/PlanesController.ts","statementMap":{"0":{"start":{"line":2,"column":0},"end":{"line":2,"column":40}},"1":{"start":{"line":3,"column":0},"end":{"line":3,"column":43}},"2":{"start":{"line":5,"column":0},"end":{"line":5,"column":42}},"3":{"start":{"line":8,"column":9},"end":{"line":35,"column":4}},"4":{"start":{"line":8,"column":72},"end":{"line":35,"column":4}},"5":{"start":{"line":10,"column":18},"end":{"line":10,"column":33}},"6":{"start":{"line":11,"column":19},"end":{"line":11,"column":35}},"7":{"start":{"line":13,"column":16},"end":{"line":13,"column":38}},"8":{"start":{"line":15,"column":4},"end":{"line":22,"column":null}},"9":{"start":{"line":21,"column":6},"end":{"line":21,"column":56}},"10":{"start":{"line":25,"column":29},"end":{"line":25,"column":50}},"11":{"start":{"line":26,"column":4},"end":{"line":34,"column":null}},"12":{"start":{"line":27,"column":21},"end":{"line":27,"column":56}},"13":{"start":{"line":29,"column":6},"end":{"line":29,"column":35}},"14":{"start":{"line":30,"column":6},"end":{"line":30,"column":13}},"15":{"start":{"line":32,"column":6},"end":{"line":32,"column":47}},"16":{"start":{"line":33,"column":6},"end":{"line":33,"column":13}},"17":{"start":{"line":36,"column":9},"end":{"line":49,"column":4}},"18":{"start":{"line":36,"column":75},"end":{"line":49,"column":4}},"19":{"start":{"line":38,"column":15},"end":{"line":38,"column":27}},"20":{"start":{"line":41,"column":29},"end":{"line":41,"column":50}},"21":{"start":{"line":42,"column":4},"end":{"line":48,"column":null}},"22":{"start":{"line":43,"column":21},"end":{"line":43,"column":61}},"23":{"start":{"line":44,"column":6},"end":{"line":44,"column":35}},"24":{"start":{"line":46,"column":6},"end":{"line":46,"column":70}},"25":{"start":{"line":47,"column":6},"end":{"line":47,"column":13}},"26":{"start":{"line":50,"column":9},"end":{"line":79,"column":4}},"27":{"start":{"line":50,"column":74},"end":{"line":79,"column":4}},"28":{"start":{"line":52,"column":54},"end":{"line":52,"column":62}},"29":{"start":{"line":54,"column":19},"end":{"line":59,"column":6}},"30":{"start":{"line":62,"column":19},"end":{"line":62,"column":41}},"31":{"start":{"line":63,"column":4},"end":{"line":66,"column":null}},"32":{"start":{"line":64,"column":6},"end":{"line":64,"column":35}},"33":{"start":{"line":65,"column":6},"end":{"line":65,"column":13}},"34":{"start":{"line":69,"column":29},"end":{"line":69,"column":50}},"35":{"start":{"line":70,"column":4},"end":{"line":75,"column":null}},"36":{"start":{"line":71,"column":6},"end":{"line":71,"column":42}},"37":{"start":{"line":73,"column":6},"end":{"line":73,"column":41}},"38":{"start":{"line":74,"column":6},"end":{"line":74,"column":13}},"39":{"start":{"line":78,"column":4},"end":{"line":78,"column":59}},"40":{"start":{"line":81,"column":9},"end":{"line":117,"column":4}},"41":{"start":{"line":81,"column":75},"end":{"line":117,"column":4}},"42":{"start":{"line":83,"column":15},"end":{"line":83,"column":27}},"43":{"start":{"line":86,"column":54},"end":{"line":86,"column":62}},"44":{"start":{"line":89,"column":29},"end":{"line":89,"column":50}},"45":{"start":{"line":91,"column":4},"end":{"line":97,"column":null}},"46":{"start":{"line":92,"column":6},"end":{"line":92,"column":56}},"47":{"start":{"line":95,"column":6},"end":{"line":95,"column":54}},"48":{"start":{"line":96,"column":6},"end":{"line":96,"column":13}},"49":{"start":{"line":100,"column":4},"end":{"line":100,"column":61}},"50":{"start":{"line":102,"column":19},"end":{"line":102,"column":41}},"51":{"start":{"line":103,"column":4},"end":{"line":106,"column":null}},"52":{"start":{"line":104,"column":6},"end":{"line":104,"column":35}},"53":{"start":{"line":105,"column":6},"end":{"line":105,"column":13}},"54":{"start":{"line":109,"column":4},"end":{"line":114,"column":null}},"55":{"start":{"line":110,"column":6},"end":{"line":110,"column":42}},"56":{"start":{"line":112,"column":6},"end":{"line":112,"column":50}},"57":{"start":{"line":113,"column":6},"end":{"line":113,"column":13}},"58":{"start":{"line":116,"column":4},"end":{"line":116,"column":59}},"59":{"start":{"line":119,"column":9},"end":{"line":140,"column":4}},"60":{"start":{"line":119,"column":77},"end":{"line":140,"column":4}},"61":{"start":{"line":121,"column":15},"end":{"line":121,"column":27}},"62":{"start":{"line":123,"column":4},"end":{"line":126,"column":null}},"63":{"start":{"line":124,"column":6},"end":{"line":124,"column":70}},"64":{"start":{"line":125,"column":6},"end":{"line":125,"column":13}},"65":{"start":{"line":128,"column":29},"end":{"line":128,"column":50}},"66":{"start":{"line":130,"column":4},"end":{"line":135,"column":null}},"67":{"start":{"line":131,"column":6},"end":{"line":131,"column":56}},"68":{"start":{"line":133,"column":6},"end":{"line":133,"column":57}},"69":{"start":{"line":134,"column":6},"end":{"line":134,"column":13}},"70":{"start":{"line":136,"column":4},"end":{"line":136,"column":38}},"71":{"start":{"line":139,"column":4},"end":{"line":139,"column":59}},"72":{"start":{"line":143,"column":0},"end":{"line":143,"column":32}}},"fnMap":{"0":{"name":"(anonymous_7)","decl":{"start":{"line":8,"column":19},"end":{"line":8,"column":26}},"loc":{"start":{"line":8,"column":72},"end":{"line":35,"column":4}}},"1":{"name":"(anonymous_8)","decl":{"start":{"line":8,"column":72},"end":{"line":8,"column":null}},"loc":{"start":{"line":8,"column":72},"end":{"line":35,"column":3}}},"2":{"name":"(anonymous_9)","decl":{"start":{"line":36,"column":22},"end":{"line":36,"column":29}},"loc":{"start":{"line":36,"column":75},"end":{"line":49,"column":4}}},"3":{"name":"(anonymous_10)","decl":{"start":{"line":36,"column":75},"end":{"line":36,"column":null}},"loc":{"start":{"line":36,"column":75},"end":{"line":49,"column":3}}},"4":{"name":"(anonymous_11)","decl":{"start":{"line":50,"column":21},"end":{"line":50,"column":28}},"loc":{"start":{"line":50,"column":74},"end":{"line":79,"column":4}}},"5":{"name":"(anonymous_12)","decl":{"start":{"line":50,"column":74},"end":{"line":50,"column":null}},"loc":{"start":{"line":50,"column":74},"end":{"line":79,"column":3}}},"6":{"name":"(anonymous_13)","decl":{"start":{"line":81,"column":22},"end":{"line":81,"column":29}},"loc":{"start":{"line":81,"column":75},"end":{"line":117,"column":4}}},"7":{"name":"(anonymous_14)","decl":{"start":{"line":81,"column":75},"end":{"line":81,"column":null}},"loc":{"start":{"line":81,"column":75},"end":{"line":117,"column":3}}},"8":{"name":"(anonymous_15)","decl":{"start":{"line":119,"column":24},"end":{"line":119,"column":31}},"loc":{"start":{"line":119,"column":77},"end":{"line":140,"column":4}}},"9":{"name":"(anonymous_16)","decl":{"start":{"line":119,"column":77},"end":{"line":119,"column":null}},"loc":{"start":{"line":119,"column":77},"end":{"line":140,"column":3}}}},"branchMap":{"0":{"loc":{"start":{"line":15,"column":4},"end":{"line":22,"column":null}},"type":"if","locations":[{"start":{"line":15,"column":4},"end":{"line":22,"column":null}},{"start":{"line":15,"column":4},"end":{"line":22,"column":null}}]},"1":{"loc":{"start":{"line":16,"column":6},"end":{"line":16,"column":17}},"type":"binary-expr","locations":[{"start":{"line":16,"column":6},"end":{"line":16,"column":17}},{"start":{"line":17,"column":6},"end":{"line":17,"column":24}},{"start":{"line":18,"column":6},"end":{"line":18,"column":25}},{"start":{"line":19,"column":6},"end":{"line":19,"column":18}}]},"2":{"loc":{"start":{"line":63,"column":4},"end":{"line":66,"column":null}},"type":"if","locations":[{"start":{"line":63,"column":4},"end":{"line":66,"column":null}},{"start":{"line":63,"column":4},"end":{"line":66,"column":null}}]},"3":{"loc":{"start":{"line":103,"column":4},"end":{"line":106,"column":null}},"type":"if","locations":[{"start":{"line":103,"column":4},"end":{"line":106,"column":null}},{"start":{"line":103,"column":4},"end":{"line":106,"column":null}}]},"4":{"loc":{"start":{"line":123,"column":4},"end":{"line":126,"column":null}},"type":"if","locations":[{"start":{"line":123,"column":4},"end":{"line":126,"column":null}},{"start":{"line":123,"column":4},"end":{"line":126,"column":null}}]}},"s":{"0":1,"1":1,"2":1,"3":1,"4":0,"5":0,"6":0,"7":0,"8":0,"9":0,"10":0,"11":0,"12":0,"13":0,"14":0,"15":0,"16":0,"17":1,"18":0,"19":0,"20":0,"21":0,"22":0,"23":0,"24":0,"25":0,"26":1,"27":0,"28":0,"29":0,"30":0,"31":0,"32":0,"33":0,"34":0,"35":0,"36":0,"37":0,"38":0,"39":0,"40":1,"41":0,"42":0,"43":0,"44":0,"45":0,"46":0,"47":0,"48":0,"49":0,"50":0,"51":0,"52":0,"53":0,"54":0,"55":0,"56":0,"57":0,"58":0,"59":1,"60":0,"61":0,"62":0,"63":0,"64":0,"65":0,"66":0,"67":0,"68":0,"69":0,"70":0,"71":0,"72":1},"f":{"0":0,"1":0,"2":0,"3":0,"4":0,"5":0,"6":0,"7":0,"8":0,"9":0},"b":{"0":[0,0],"1":[0,0,0,0],"2":[0,0],"3":[0,0],"4":[0,0]}}
,"/Users/kenty/kyoino/think-auth/think-admin-back/src/controllers/UsersCompaniesController.ts": {"path":"/Users/kenty/kyoino/think-auth/think-admin-back/src/controllers/UsersCompaniesController.ts","statementMap":{"0":{"start":{"line":2,"column":0},"end":{"line":2,"column":40}},"1":{"start":{"line":3,"column":0},"end":{"line":3,"column":43}},"2":{"start":{"line":4,"column":0},"end":{"line":4,"column":58}},"3":{"start":{"line":6,"column":0},"end":{"line":6,"column":40}},"4":{"start":{"line":7,"column":0},"end":{"line":7,"column":38}},"5":{"start":{"line":10,"column":9},"end":{"line":23,"column":4}},"6":{"start":{"line":10,"column":75},"end":{"line":23,"column":4}},"7":{"start":{"line":12,"column":15},"end":{"line":12,"column":27}},"8":{"start":{"line":15,"column":37},"end":{"line":15,"column":66}},"9":{"start":{"line":16,"column":4},"end":{"line":22,"column":null}},"10":{"start":{"line":17,"column":29},"end":{"line":17,"column":77}},"11":{"start":{"line":18,"column":6},"end":{"line":18,"column":51}},"12":{"start":{"line":20,"column":6},"end":{"line":20,"column":78}},"13":{"start":{"line":21,"column":6},"end":{"line":21,"column":13}},"14":{"start":{"line":25,"column":9},"end":{"line":126,"column":4}},"15":{"start":{"line":25,"column":72},"end":{"line":126,"column":4}},"16":{"start":{"line":27,"column":18},"end":{"line":27,"column":33}},"17":{"start":{"line":28,"column":19},"end":{"line":28,"column":35}},"18":{"start":{"line":39,"column":8},"end":{"line":39,"column":16}},"19":{"start":{"line":40,"column":16},"end":{"line":40,"column":53}},"20":{"start":{"line":42,"column":4},"end":{"line":49,"column":null}},"21":{"start":{"line":48,"column":6},"end":{"line":48,"column":56}},"22":{"start":{"line":50,"column":21},"end":{"line":50,"column":22}},"23":{"start":{"line":53,"column":4},"end":{"line":56,"column":null}},"24":{"start":{"line":54,"column":6},"end":{"line":54,"column":61}},"25":{"start":{"line":55,"column":6},"end":{"line":55,"column":19}},"26":{"start":{"line":57,"column":4},"end":{"line":64,"column":null}},"27":{"start":{"line":58,"column":6},"end":{"line":63,"column":null}},"28":{"start":{"line":59,"column":8},"end":{"line":59,"column":63}},"29":{"start":{"line":60,"column":8},"end":{"line":60,"column":21}},"30":{"start":{"line":62,"column":8},"end":{"line":62,"column":61}},"31":{"start":{"line":65,"column":4},"end":{"line":72,"column":null}},"32":{"start":{"line":66,"column":6},"end":{"line":71,"column":null}},"33":{"start":{"line":67,"column":8},"end":{"line":67,"column":71}},"34":{"start":{"line":68,"column":8},"end":{"line":68,"column":21}},"35":{"start":{"line":70,"column":8},"end":{"line":70,"column":69}},"36":{"start":{"line":73,"column":4},"end":{"line":80,"column":null}},"37":{"start":{"line":74,"column":6},"end":{"line":79,"column":null}},"38":{"start":{"line":75,"column":8},"end":{"line":75,"column":71}},"39":{"start":{"line":76,"column":8},"end":{"line":76,"column":21}},"40":{"start":{"line":78,"column":8},"end":{"line":78,"column":69}},"41":{"start":{"line":81,"column":4},"end":{"line":88,"column":null}},"42":{"start":{"line":82,"column":6},"end":{"line":87,"column":null}},"43":{"start":{"line":83,"column":8},"end":{"line":83,"column":47}},"44":{"start":{"line":84,"column":8},"end":{"line":84,"column":21}},"45":{"start":{"line":86,"column":8},"end":{"line":86,"column":45}},"46":{"start":{"line":89,"column":4},"end":{"line":96,"column":null}},"47":{"start":{"line":90,"column":6},"end":{"line":95,"column":null}},"48":{"start":{"line":91,"column":8},"end":{"line":91,"column":51}},"49":{"start":{"line":92,"column":8},"end":{"line":92,"column":21}},"50":{"start":{"line":94,"column":8},"end":{"line":94,"column":49}},"51":{"start":{"line":97,"column":4},"end":{"line":108,"column":null}},"52":{"start":{"line":98,"column":6},"end":{"line":107,"column":null}},"53":{"start":{"line":99,"column":8},"end":{"line":99,"column":53}},"54":{"start":{"line":100,"column":8},"end":{"line":100,"column":54}},"55":{"start":{"line":101,"column":8},"end":{"line":101,"column":54}},"56":{"start":{"line":102,"column":8},"end":{"line":102,"column":21}},"57":{"start":{"line":104,"column":8},"end":{"line":104,"column":50}},"58":{"start":{"line":105,"column":8},"end":{"line":105,"column":54}},"59":{"start":{"line":106,"column":8},"end":{"line":106,"column":54}},"60":{"start":{"line":111,"column":37},"end":{"line":111,"column":66}},"61":{"start":{"line":112,"column":4},"end":{"line":125,"column":null}},"62":{"start":{"line":113,"column":29},"end":{"line":113,"column":72}},"63":{"start":{"line":115,"column":6},"end":{"line":120,"column":9}},"64":{"start":{"line":121,"column":6},"end":{"line":121,"column":13}},"65":{"start":{"line":123,"column":6},"end":{"line":123,"column":41}},"66":{"start":{"line":124,"column":6},"end":{"line":124,"column":13}},"67":{"start":{"line":128,"column":9},"end":{"line":211,"column":4}},"68":{"start":{"line":131,"column":21},"end":{"line":211,"column":4}},"69":{"start":{"line":150,"column":8},"end":{"line":150,"column":16}},"70":{"start":{"line":152,"column":20},"end":{"line":152,"column":21}},"71":{"start":{"line":156,"column":26},"end":{"line":169,"column":6}},"72":{"start":{"line":171,"column":18},"end":{"line":177,"column":6}},"73":{"start":{"line":180,"column":19},"end":{"line":180,"column":48}},"74":{"start":{"line":181,"column":4},"end":{"line":184,"column":null}},"75":{"start":{"line":182,"column":6},"end":{"line":182,"column":35}},"76":{"start":{"line":183,"column":6},"end":{"line":183,"column":13}},"77":{"start":{"line":187,"column":4},"end":{"line":187,"column":44}},"78":{"start":{"line":190,"column":36},"end":{"line":190,"column":65}},"79":{"start":{"line":191,"column":4},"end":{"line":197,"column":null}},"80":{"start":{"line":193,"column":6},"end":{"line":193,"column":56}},"81":{"start":{"line":195,"column":6},"end":{"line":195,"column":41}},"82":{"start":{"line":196,"column":6},"end":{"line":196,"column":13}},"83":{"start":{"line":200,"column":28},"end":{"line":200,"column":48}},"84":{"start":{"line":201,"column":4},"end":{"line":207,"column":null}},"85":{"start":{"line":203,"column":6},"end":{"line":203,"column":40}},"86":{"start":{"line":205,"column":6},"end":{"line":205,"column":41}},"87":{"start":{"line":206,"column":6},"end":{"line":206,"column":13}},"88":{"start":{"line":210,"column":4},"end":{"line":210,"column":43}},"89":{"start":{"line":213,"column":9},"end":{"line":314,"column":4}},"90":{"start":{"line":216,"column":21},"end":{"line":314,"column":4}},"91":{"start":{"line":218,"column":15},"end":{"line":218,"column":27}},"92":{"start":{"line":237,"column":8},"end":{"line":237,"column":16}},"93":{"start":{"line":240,"column":36},"end":{"line":240,"column":65}},"94":{"start":{"line":242,"column":4},"end":{"line":248,"column":null}},"95":{"start":{"line":243,"column":6},"end":{"line":243,"column":70}},"96":{"start":{"line":246,"column":6},"end":{"line":246,"column":62}},"97":{"start":{"line":247,"column":6},"end":{"line":247,"column":13}},"98":{"start":{"line":251,"column":28},"end":{"line":251,"column":48}},"99":{"start":{"line":253,"column":4},"end":{"line":259,"column":null}},"100":{"start":{"line":254,"column":6},"end":{"line":254,"column":54}},"101":{"start":{"line":257,"column":6},"end":{"line":257,"column":53}},"102":{"start":{"line":258,"column":6},"end":{"line":258,"column":13}},"103":{"start":{"line":262,"column":4},"end":{"line":275,"column":7}},"104":{"start":{"line":277,"column":4},"end":{"line":282,"column":7}},"105":{"start":{"line":284,"column":32},"end":{"line":284,"column":61}},"106":{"start":{"line":285,"column":4},"end":{"line":288,"column":null}},"107":{"start":{"line":286,"column":6},"end":{"line":286,"column":48}},"108":{"start":{"line":287,"column":6},"end":{"line":287,"column":13}},"109":{"start":{"line":290,"column":24},"end":{"line":290,"column":45}},"110":{"start":{"line":291,"column":4},"end":{"line":294,"column":null}},"111":{"start":{"line":292,"column":6},"end":{"line":292,"column":40}},"112":{"start":{"line":293,"column":6},"end":{"line":293,"column":13}},"113":{"start":{"line":297,"column":4},"end":{"line":302,"column":null}},"114":{"start":{"line":298,"column":6},"end":{"line":298,"column":56}},"115":{"start":{"line":300,"column":6},"end":{"line":300,"column":50}},"116":{"start":{"line":301,"column":6},"end":{"line":301,"column":13}},"117":{"start":{"line":305,"column":4},"end":{"line":310,"column":null}},"118":{"start":{"line":306,"column":6},"end":{"line":306,"column":40}},"119":{"start":{"line":308,"column":6},"end":{"line":308,"column":50}},"120":{"start":{"line":309,"column":6},"end":{"line":309,"column":13}},"121":{"start":{"line":313,"column":4},"end":{"line":313,"column":43}},"122":{"start":{"line":316,"column":9},"end":{"line":416,"column":4}},"123":{"start":{"line":319,"column":21},"end":{"line":416,"column":4}},"124":{"start":{"line":321,"column":15},"end":{"line":321,"column":27}},"125":{"start":{"line":324,"column":36},"end":{"line":324,"column":65}},"126":{"start":{"line":326,"column":4},"end":{"line":332,"column":null}},"127":{"start":{"line":327,"column":6},"end":{"line":327,"column":70}},"128":{"start":{"line":330,"column":6},"end":{"line":330,"column":62}},"129":{"start":{"line":331,"column":6},"end":{"line":331,"column":13}},"130":{"start":{"line":335,"column":28},"end":{"line":335,"column":48}},"131":{"start":{"line":337,"column":4},"end":{"line":343,"column":null}},"132":{"start":{"line":338,"column":6},"end":{"line":338,"column":54}},"133":{"start":{"line":341,"column":6},"end":{"line":341,"column":53}},"134":{"start":{"line":342,"column":6},"end":{"line":342,"column":13}},"135":{"start":{"line":358,"column":8},"end":{"line":358,"column":21}},"136":{"start":{"line":360,"column":49},"end":{"line":360,"column":54}},"137":{"start":{"line":362,"column":19},"end":{"line":362,"column":20}},"138":{"start":{"line":364,"column":4},"end":{"line":377,"column":7}},"139":{"start":{"line":379,"column":4},"end":{"line":384,"column":7}},"140":{"start":{"line":386,"column":32},"end":{"line":386,"column":61}},"141":{"start":{"line":387,"column":4},"end":{"line":390,"column":null}},"142":{"start":{"line":388,"column":6},"end":{"line":388,"column":48}},"143":{"start":{"line":389,"column":6},"end":{"line":389,"column":13}},"144":{"start":{"line":392,"column":24},"end":{"line":392,"column":45}},"145":{"start":{"line":393,"column":4},"end":{"line":396,"column":null}},"146":{"start":{"line":394,"column":6},"end":{"line":394,"column":40}},"147":{"start":{"line":395,"column":6},"end":{"line":395,"column":13}},"148":{"start":{"line":399,"column":4},"end":{"line":404,"column":null}},"149":{"start":{"line":400,"column":6},"end":{"line":400,"column":56}},"150":{"start":{"line":402,"column":6},"end":{"line":402,"column":78}},"151":{"start":{"line":403,"column":6},"end":{"line":403,"column":13}},"152":{"start":{"line":407,"column":4},"end":{"line":412,"column":null}},"153":{"start":{"line":408,"column":6},"end":{"line":408,"column":40}},"154":{"start":{"line":410,"column":6},"end":{"line":410,"column":69}},"155":{"start":{"line":411,"column":6},"end":{"line":411,"column":13}},"156":{"start":{"line":415,"column":4},"end":{"line":415,"column":43}},"157":{"start":{"line":419,"column":0},"end":{"line":419,"column":39}}},"fnMap":{"0":{"name":"(anonymous_8)","decl":{"start":{"line":10,"column":22},"end":{"line":10,"column":29}},"loc":{"start":{"line":10,"column":75},"end":{"line":23,"column":4}}},"1":{"name":"(anonymous_9)","decl":{"start":{"line":10,"column":75},"end":{"line":10,"column":null}},"loc":{"start":{"line":10,"column":75},"end":{"line":23,"column":3}}},"2":{"name":"(anonymous_10)","decl":{"start":{"line":25,"column":19},"end":{"line":25,"column":26}},"loc":{"start":{"line":25,"column":72},"end":{"line":126,"column":4}}},"3":{"name":"(anonymous_11)","decl":{"start":{"line":25,"column":72},"end":{"line":25,"column":null}},"loc":{"start":{"line":25,"column":72},"end":{"line":126,"column":3}}},"4":{"name":"(anonymous_12)","decl":{"start":{"line":128,"column":28},"end":{"line":128,"column":null}},"loc":{"start":{"line":131,"column":21},"end":{"line":211,"column":4}}},"5":{"name":"(anonymous_13)","decl":{"start":{"line":131,"column":21},"end":{"line":131,"column":null}},"loc":{"start":{"line":131,"column":21},"end":{"line":211,"column":3}}},"6":{"name":"(anonymous_14)","decl":{"start":{"line":213,"column":31},"end":{"line":213,"column":null}},"loc":{"start":{"line":216,"column":21},"end":{"line":314,"column":4}}},"7":{"name":"(anonymous_15)","decl":{"start":{"line":216,"column":21},"end":{"line":216,"column":null}},"loc":{"start":{"line":216,"column":21},"end":{"line":314,"column":3}}},"8":{"name":"(anonymous_16)","decl":{"start":{"line":316,"column":31},"end":{"line":316,"column":null}},"loc":{"start":{"line":319,"column":21},"end":{"line":416,"column":4}}},"9":{"name":"(anonymous_17)","decl":{"start":{"line":319,"column":21},"end":{"line":319,"column":null}},"loc":{"start":{"line":319,"column":21},"end":{"line":416,"column":3}}}},"branchMap":{"0":{"loc":{"start":{"line":42,"column":4},"end":{"line":49,"column":null}},"type":"if","locations":[{"start":{"line":42,"column":4},"end":{"line":49,"column":null}},{"start":{"line":42,"column":4},"end":{"line":49,"column":null}}]},"1":{"loc":{"start":{"line":43,"column":6},"end":{"line":43,"column":17}},"type":"binary-expr","locations":[{"start":{"line":43,"column":6},"end":{"line":43,"column":17}},{"start":{"line":44,"column":6},"end":{"line":44,"column":24}},{"start":{"line":45,"column":6},"end":{"line":45,"column":25}},{"start":{"line":46,"column":6},"end":{"line":46,"column":18}}]},"2":{"loc":{"start":{"line":53,"column":4},"end":{"line":56,"column":null}},"type":"if","locations":[{"start":{"line":53,"column":4},"end":{"line":56,"column":null}},{"start":{"line":53,"column":4},"end":{"line":56,"column":null}}]},"3":{"loc":{"start":{"line":53,"column":8},"end":{"line":53,"column":28}},"type":"binary-expr","locations":[{"start":{"line":53,"column":8},"end":{"line":53,"column":28}},{"start":{"line":53,"column":32},"end":{"line":53,"column":59}}]},"4":{"loc":{"start":{"line":57,"column":4},"end":{"line":64,"column":null}},"type":"if","locations":[{"start":{"line":57,"column":4},"end":{"line":64,"column":null}},{"start":{"line":57,"column":4},"end":{"line":64,"column":null}}]},"5":{"loc":{"start":{"line":57,"column":8},"end":{"line":57,"column":28}},"type":"binary-expr","locations":[{"start":{"line":57,"column":8},"end":{"line":57,"column":28}},{"start":{"line":57,"column":32},"end":{"line":57,"column":59}}]},"6":{"loc":{"start":{"line":58,"column":6},"end":{"line":63,"column":null}},"type":"if","locations":[{"start":{"line":58,"column":6},"end":{"line":63,"column":null}},{"start":{"line":58,"column":6},"end":{"line":63,"column":null}}]},"7":{"loc":{"start":{"line":65,"column":4},"end":{"line":72,"column":null}},"type":"if","locations":[{"start":{"line":65,"column":4},"end":{"line":72,"column":null}},{"start":{"line":65,"column":4},"end":{"line":72,"column":null}}]},"8":{"loc":{"start":{"line":65,"column":8},"end":{"line":65,"column":32}},"type":"binary-expr","locations":[{"start":{"line":65,"column":8},"end":{"line":65,"column":32}},{"start":{"line":65,"column":36},"end":{"line":65,"column":67}}]},"9":{"loc":{"start":{"line":66,"column":6},"end":{"line":71,"column":null}},"type":"if","locations":[{"start":{"line":66,"column":6},"end":{"line":71,"column":null}},{"start":{"line":66,"column":6},"end":{"line":71,"column":null}}]},"10":{"loc":{"start":{"line":73,"column":4},"end":{"line":80,"column":null}},"type":"if","locations":[{"start":{"line":73,"column":4},"end":{"line":80,"column":null}},{"start":{"line":73,"column":4},"end":{"line":80,"column":null}}]},"11":{"loc":{"start":{"line":73,"column":8},"end":{"line":73,"column":32}},"type":"binary-expr","locations":[{"start":{"line":73,"column":8},"end":{"line":73,"column":32}},{"start":{"line":73,"column":36},"end":{"line":73,"column":67}}]},"12":{"loc":{"start":{"line":74,"column":6},"end":{"line":79,"column":null}},"type":"if","locations":[{"start":{"line":74,"column":6},"end":{"line":79,"column":null}},{"start":{"line":74,"column":6},"end":{"line":79,"column":null}}]},"13":{"loc":{"start":{"line":81,"column":4},"end":{"line":88,"column":null}},"type":"if","locations":[{"start":{"line":81,"column":4},"end":{"line":88,"column":null}},{"start":{"line":81,"column":4},"end":{"line":88,"column":null}}]},"14":{"loc":{"start":{"line":81,"column":8},"end":{"line":81,"column":20}},"type":"binary-expr","locations":[{"start":{"line":81,"column":8},"end":{"line":81,"column":20}},{"start":{"line":81,"column":24},"end":{"line":81,"column":43}}]},"15":{"loc":{"start":{"line":82,"column":6},"end":{"line":87,"column":null}},"type":"if","locations":[{"start":{"line":82,"column":6},"end":{"line":87,"column":null}},{"start":{"line":82,"column":6},"end":{"line":87,"column":null}}]},"16":{"loc":{"start":{"line":89,"column":4},"end":{"line":96,"column":null}},"type":"if","locations":[{"start":{"line":89,"column":4},"end":{"line":96,"column":null}},{"start":{"line":89,"column":4},"end":{"line":96,"column":null}}]},"17":{"loc":{"start":{"line":89,"column":8},"end":{"line":89,"column":22}},"type":"binary-expr","locations":[{"start":{"line":89,"column":8},"end":{"line":89,"column":22}},{"start":{"line":89,"column":26},"end":{"line":89,"column":47}}]},"18":{"loc":{"start":{"line":90,"column":6},"end":{"line":95,"column":null}},"type":"if","locations":[{"start":{"line":90,"column":6},"end":{"line":95,"column":null}},{"start":{"line":90,"column":6},"end":{"line":95,"column":null}}]},"19":{"loc":{"start":{"line":97,"column":4},"end":{"line":108,"column":null}},"type":"if","locations":[{"start":{"line":97,"column":4},"end":{"line":108,"column":null}},{"start":{"line":97,"column":4},"end":{"line":108,"column":null}}]},"20":{"loc":{"start":{"line":97,"column":8},"end":{"line":97,"column":21}},"type":"binary-expr","locations":[{"start":{"line":97,"column":8},"end":{"line":97,"column":21}},{"start":{"line":97,"column":25},"end":{"line":97,"column":45}}]},"21":{"loc":{"start":{"line":98,"column":6},"end":{"line":107,"column":null}},"type":"if","locations":[{"start":{"line":98,"column":6},"end":{"line":107,"column":null}},{"start":{"line":98,"column":6},"end":{"line":107,"column":null}}]},"22":{"loc":{"start":{"line":181,"column":4},"end":{"line":184,"column":null}},"type":"if","locations":[{"start":{"line":181,"column":4},"end":{"line":184,"column":null}},{"start":{"line":181,"column":4},"end":{"line":184,"column":null}}]},"23":{"loc":{"start":{"line":285,"column":4},"end":{"line":288,"column":null}},"type":"if","locations":[{"start":{"line":285,"column":4},"end":{"line":288,"column":null}},{"start":{"line":285,"column":4},"end":{"line":288,"column":null}}]},"24":{"loc":{"start":{"line":291,"column":4},"end":{"line":294,"column":null}},"type":"if","locations":[{"start":{"line":291,"column":4},"end":{"line":294,"column":null}},{"start":{"line":291,"column":4},"end":{"line":294,"column":null}}]},"25":{"loc":{"start":{"line":387,"column":4},"end":{"line":390,"column":null}},"type":"if","locations":[{"start":{"line":387,"column":4},"end":{"line":390,"column":null}},{"start":{"line":387,"column":4},"end":{"line":390,"column":null}}]},"26":{"loc":{"start":{"line":393,"column":4},"end":{"line":396,"column":null}},"type":"if","locations":[{"start":{"line":393,"column":4},"end":{"line":396,"column":null}},{"start":{"line":393,"column":4},"end":{"line":396,"column":null}}]}},"s":{"0":1,"1":1,"2":1,"3":1,"4":1,"5":1,"6":0,"7":0,"8":0,"9":0,"10":0,"11":0,"12":0,"13":0,"14":1,"15":0,"16":0,"17":0,"18":0,"19":0,"20":0,"21":0,"22":0,"23":0,"24":0,"25":0,"26":0,"27":0,"28":0,"29":0,"30":0,"31":0,"32":0,"33":0,"34":0,"35":0,"36":0,"37":0,"38":0,"39":0,"40":0,"41":0,"42":0,"43":0,"44":0,"45":0,"46":0,"47":0,"48":0,"49":0,"50":0,"51":0,"52":0,"53":0,"54":0,"55":0,"56":0,"57":0,"58":0,"59":0,"60":0,"61":0,"62":0,"63":0,"64":0,"65":0,"66":0,"67":1,"68":0,"69":0,"70":0,"71":0,"72":0,"73":0,"74":0,"75":0,"76":0,"77":0,"78":0,"79":0,"80":0,"81":0,"82":0,"83":0,"84":0,"85":0,"86":0,"87":0,"88":0,"89":1,"90":0,"91":0,"92":0,"93":0,"94":0,"95":0,"96":0,"97":0,"98":0,"99":0,"100":0,"101":0,"102":0,"103":0,"104":0,"105":0,"106":0,"107":0,"108":0,"109":0,"110":0,"111":0,"112":0,"113":0,"114":0,"115":0,"116":0,"117":0,"118":0,"119":0,"120":0,"121":0,"122":1,"123":0,"124":0,"125":0,"126":0,"127":0,"128":0,"129":0,"130":0,"131":0,"132":0,"133":0,"134":0,"135":0,"136":0,"137":0,"138":0,"139":0,"140":0,"141":0,"142":0,"143":0,"144":0,"145":0,"146":0,"147":0,"148":0,"149":0,"150":0,"151":0,"152":0,"153":0,"154":0,"155":0,"156":0,"157":1},"f":{"0":0,"1":0,"2":0,"3":0,"4":0,"5":0,"6":0,"7":0,"8":0,"9":0},"b":{"0":[0,0],"1":[0,0,0,0],"2":[0,0],"3":[0,0],"4":[0,0],"5":[0,0],"6":[0,0],"7":[0,0],"8":[0,0],"9":[0,0],"10":[0,0],"11":[0,0],"12":[0,0],"13":[0,0],"14":[0,0],"15":[0,0],"16":[0,0],"17":[0,0],"18":[0,0],"19":[0,0],"20":[0,0],"21":[0,0],"22":[0,0],"23":[0,0],"24":[0,0],"25":[0,0],"26":[0,0]}}
,"/Users/kenty/kyoino/think-auth/think-admin-back/src/entity/Admin.ts": {"path":"/Users/kenty/kyoino/think-auth/think-admin-back/src/entity/Admin.ts","statementMap":{"0":{"start":{"line":1,"column":0},"end":{"line":1,"column":null}},"1":{"start":{"line":11,"column":0},"end":{"line":11,"column":35}},"2":{"start":{"line":27,"column":0},"end":{"line":78,"column":null}},"3":{"start":{"line":61,"column":4},"end":{"line":61,"column":42}},"4":{"start":{"line":62,"column":4},"end":{"line":62,"column":40}},"5":{"start":{"line":63,"column":4},"end":{"line":63,"column":48}},"6":{"start":{"line":64,"column":4},"end":{"line":64,"column":48}},"7":{"start":{"line":69,"column":4},"end":{"line":69,"column":50}},"8":{"start":{"line":70,"column":4},"end":{"line":70,"column":47}},"9":{"start":{"line":71,"column":4},"end":{"line":71,"column":59}},"10":{"start":{"line":72,"column":4},"end":{"line":72,"column":59}},"11":{"start":{"line":76,"column":4},"end":{"line":76,"column":66}},"12":{"start":{"line":29,"column":2},"end":{"line":29,"column":null}},"13":{"start":{"line":32,"column":2},"end":{"line":32,"column":null}},"14":{"start":{"line":35,"column":2},"end":{"line":35,"column":null}},"15":{"start":{"line":38,"column":2},"end":{"line":38,"column":null}},"16":{"start":{"line":41,"column":2},"end":{"line":41,"column":null}},"17":{"start":{"line":44,"column":2},"end":{"line":44,"column":null}},"18":{"start":{"line":47,"column":2},"end":{"line":47,"column":null}},"19":{"start":{"line":50,"column":2},"end":{"line":50,"column":null}},"20":{"start":{"line":54,"column":2},"end":{"line":54,"column":null}},"21":{"start":{"line":58,"column":2},"end":{"line":58,"column":null}},"22":{"start":{"line":27,"column":13},"end":{"line":78,"column":null}},"23":{"start":{"line":27,"column":13},"end":{"line":27,"column":19}}},"fnMap":{"0":{"name":"(anonymous_3)","decl":{"start":{"line":60,"column":2},"end":{"line":60,"column":14}},"loc":{"start":{"line":60,"column":33},"end":{"line":65,"column":3}}},"1":{"name":"(anonymous_4)","decl":{"start":{"line":68,"column":2},"end":{"line":68,"column":8}},"loc":{"start":{"line":68,"column":28},"end":{"line":73,"column":3}}},"2":{"name":"(anonymous_5)","decl":{"start":{"line":75,"column":2},"end":{"line":75,"column":35}},"loc":{"start":{"line":75,"column":63},"end":{"line":77,"column":3}}}},"branchMap":{"0":{"loc":{"start":{"line":61,"column":18},"end":{"line":61,"column":21}},"type":"binary-expr","locations":[{"start":{"line":61,"column":18},"end":{"line":61,"column":21}},{"start":{"line":61,"column":25},"end":{"line":61,"column":34}},{"start":{"line":61,"column":39},"end":{"line":61,"column":41}}]},"1":{"loc":{"start":{"line":62,"column":17},"end":{"line":62,"column":20}},"type":"binary-expr","locations":[{"start":{"line":62,"column":17},"end":{"line":62,"column":20}},{"start":{"line":62,"column":24},"end":{"line":62,"column":32}},{"start":{"line":62,"column":37},"end":{"line":62,"column":39}}]},"2":{"loc":{"start":{"line":63,"column":21},"end":{"line":63,"column":24}},"type":"binary-expr","locations":[{"start":{"line":63,"column":21},"end":{"line":63,"column":24}},{"start":{"line":63,"column":28},"end":{"line":63,"column":40}},{"start":{"line":63,"column":45},"end":{"line":63,"column":47}}]},"3":{"loc":{"start":{"line":64,"column":21},"end":{"line":64,"column":24}},"type":"binary-expr","locations":[{"start":{"line":64,"column":21},"end":{"line":64,"column":24}},{"start":{"line":64,"column":28},"end":{"line":64,"column":40}},{"start":{"line":64,"column":45},"end":{"line":64,"column":47}}]},"4":{"loc":{"start":{"line":69,"column":18},"end":{"line":69,"column":21}},"type":"binary-expr","locations":[{"start":{"line":69,"column":18},"end":{"line":69,"column":21}},{"start":{"line":69,"column":25},"end":{"line":69,"column":34}},{"start":{"line":69,"column":39},"end":{"line":69,"column":49}}]},"5":{"loc":{"start":{"line":70,"column":17},"end":{"line":70,"column":20}},"type":"binary-expr","locations":[{"start":{"line":70,"column":17},"end":{"line":70,"column":20}},{"start":{"line":70,"column":24},"end":{"line":70,"column":32}},{"start":{"line":70,"column":37},"end":{"line":70,"column":46}}]},"6":{"loc":{"start":{"line":71,"column":21},"end":{"line":71,"column":24}},"type":"binary-expr","locations":[{"start":{"line":71,"column":21},"end":{"line":71,"column":24}},{"start":{"line":71,"column":28},"end":{"line":71,"column":40}},{"start":{"line":71,"column":45},"end":{"line":71,"column":58}}]},"7":{"loc":{"start":{"line":72,"column":21},"end":{"line":72,"column":24}},"type":"binary-expr","locations":[{"start":{"line":72,"column":21},"end":{"line":72,"column":24}},{"start":{"line":72,"column":28},"end":{"line":72,"column":40}},{"start":{"line":72,"column":45},"end":{"line":72,"column":58}}]}},"s":{"0":1,"1":1,"2":1,"3":0,"4":0,"5":0,"6":0,"7":0,"8":0,"9":0,"10":0,"11":0,"12":1,"13":1,"14":1,"15":1,"16":1,"17":1,"18":1,"19":1,"20":1,"21":1,"22":1,"23":1},"f":{"0":0,"1":0,"2":0},"b":{"0":[0,0,0],"1":[0,0,0],"2":[0,0,0],"3":[0,0,0],"4":[0,0,0],"5":[0,0,0],"6":[0,0,0],"7":[0,0,0]}}
,"/Users/kenty/kyoino/think-auth/think-admin-back/src/entity/Group.ts": {"path":"/Users/kenty/kyoino/think-auth/think-admin-back/src/entity/Group.ts","statementMap":{"0":{"start":{"line":1,"column":0},"end":{"line":1,"column":null}},"1":{"start":{"line":21,"column":0},"end":{"line":49,"column":null}},"2":{"start":{"line":40,"column":4},"end":{"line":40,"column":62}},"3":{"start":{"line":41,"column":4},"end":{"line":41,"column":50}},"4":{"start":{"line":46,"column":4},"end":{"line":46,"column":80}},"5":{"start":{"line":47,"column":4},"end":{"line":47,"column":62}},"6":{"start":{"line":23,"column":2},"end":{"line":23,"column":null}},"7":{"start":{"line":26,"column":2},"end":{"line":26,"column":null}},"8":{"start":{"line":29,"column":2},"end":{"line":29,"column":null}},"9":{"start":{"line":33,"column":2},"end":{"line":33,"column":null}},"10":{"start":{"line":37,"column":2},"end":{"line":37,"column":null}},"11":{"start":{"line":21,"column":13},"end":{"line":49,"column":null}},"12":{"start":{"line":21,"column":13},"end":{"line":21,"column":18}}},"fnMap":{"0":{"name":"(anonymous_2)","decl":{"start":{"line":39,"column":2},"end":{"line":39,"column":14}},"loc":{"start":{"line":39,"column":33},"end":{"line":42,"column":3}}},"1":{"name":"(anonymous_3)","decl":{"start":{"line":45,"column":2},"end":{"line":45,"column":8}},"loc":{"start":{"line":45,"column":28},"end":{"line":48,"column":3}}}},"branchMap":{"0":{"loc":{"start":{"line":40,"column":28},"end":{"line":40,"column":31}},"type":"binary-expr","locations":[{"start":{"line":40,"column":28},"end":{"line":40,"column":31}},{"start":{"line":40,"column":35},"end":{"line":40,"column":54}},{"start":{"line":40,"column":59},"end":{"line":40,"column":61}}]},"1":{"loc":{"start":{"line":41,"column":22},"end":{"line":41,"column":25}},"type":"binary-expr","locations":[{"start":{"line":41,"column":22},"end":{"line":41,"column":25}},{"start":{"line":41,"column":29},"end":{"line":41,"column":42}},{"start":{"line":41,"column":47},"end":{"line":41,"column":49}}]},"2":{"loc":{"start":{"line":46,"column":28},"end":{"line":46,"column":31}},"type":"binary-expr","locations":[{"start":{"line":46,"column":28},"end":{"line":46,"column":31}},{"start":{"line":46,"column":35},"end":{"line":46,"column":54}},{"start":{"line":46,"column":59},"end":{"line":46,"column":79}}]},"3":{"loc":{"start":{"line":47,"column":22},"end":{"line":47,"column":25}},"type":"binary-expr","locations":[{"start":{"line":47,"column":22},"end":{"line":47,"column":25}},{"start":{"line":47,"column":29},"end":{"line":47,"column":42}},{"start":{"line":47,"column":47},"end":{"line":47,"column":61}}]}},"s":{"0":1,"1":1,"2":0,"3":0,"4":0,"5":0,"6":1,"7":1,"8":1,"9":1,"10":1,"11":1,"12":1},"f":{"0":0,"1":0},"b":{"0":[0,0,0],"1":[0,0,0],"2":[0,0,0],"3":[0,0,0]}}
,"/Users/kenty/kyoino/think-auth/think-admin-back/src/entity/Maintenances.ts": {"path":"/Users/kenty/kyoino/think-auth/think-admin-back/src/entity/Maintenances.ts","statementMap":{"0":{"start":{"line":1,"column":0},"end":{"line":1,"column":null}},"1":{"start":{"line":19,"column":0},"end":{"line":44,"column":null}},"2":{"start":{"line":35,"column":4},"end":{"line":35,"column":53}},"3":{"start":{"line":36,"column":4},"end":{"line":36,"column":62}},"4":{"start":{"line":41,"column":4},"end":{"line":41,"column":53}},"5":{"start":{"line":42,"column":4},"end":{"line":42,"column":62}},"6":{"start":{"line":21,"column":2},"end":{"line":21,"column":null}},"7":{"start":{"line":24,"column":2},"end":{"line":24,"column":null}},"8":{"start":{"line":28,"column":2},"end":{"line":28,"column":null}},"9":{"start":{"line":32,"column":2},"end":{"line":32,"column":null}},"10":{"start":{"line":19,"column":13},"end":{"line":44,"column":null}},"11":{"start":{"line":19,"column":13},"end":{"line":19,"column":25}}},"fnMap":{"0":{"name":"(anonymous_2)","decl":{"start":{"line":34,"column":2},"end":{"line":34,"column":14}},"loc":{"start":{"line":34,"column":33},"end":{"line":37,"column":3}}},"1":{"name":"(anonymous_3)","decl":{"start":{"line":40,"column":2},"end":{"line":40,"column":8}},"loc":{"start":{"line":40,"column":28},"end":{"line":43,"column":3}}}},"branchMap":{"0":{"loc":{"start":{"line":35,"column":19},"end":{"line":35,"column":22}},"type":"binary-expr","locations":[{"start":{"line":35,"column":19},"end":{"line":35,"column":22}},{"start":{"line":35,"column":26},"end":{"line":35,"column":36}},{"start":{"line":35,"column":41},"end":{"line":35,"column":52}}]},"1":{"loc":{"start":{"line":36,"column":22},"end":{"line":36,"column":25}},"type":"binary-expr","locations":[{"start":{"line":36,"column":22},"end":{"line":36,"column":25}},{"start":{"line":36,"column":29},"end":{"line":36,"column":42}},{"start":{"line":36,"column":47},"end":{"line":36,"column":61}}]},"2":{"loc":{"start":{"line":41,"column":19},"end":{"line":41,"column":22}},"type":"binary-expr","locations":[{"start":{"line":41,"column":19},"end":{"line":41,"column":22}},{"start":{"line":41,"column":26},"end":{"line":41,"column":36}},{"start":{"line":41,"column":41},"end":{"line":41,"column":52}}]},"3":{"loc":{"start":{"line":42,"column":22},"end":{"line":42,"column":25}},"type":"binary-expr","locations":[{"start":{"line":42,"column":22},"end":{"line":42,"column":25}},{"start":{"line":42,"column":29},"end":{"line":42,"column":42}},{"start":{"line":42,"column":47},"end":{"line":42,"column":61}}]}},"s":{"0":1,"1":1,"2":0,"3":0,"4":0,"5":0,"6":1,"7":1,"8":1,"9":1,"10":1,"11":1},"f":{"0":0,"1":0},"b":{"0":[0,0,0],"1":[0,0,0],"2":[0,0,0],"3":[0,0,0]}}
,"/Users/kenty/kyoino/think-auth/think-admin-back/src/entity/Notice.ts": {"path":"/Users/kenty/kyoino/think-auth/think-admin-back/src/entity/Notice.ts","statementMap":{"0":{"start":{"line":1,"column":0},"end":{"line":1,"column":null}},"1":{"start":{"line":23,"column":0},"end":{"line":60,"column":null}},"2":{"start":{"line":48,"column":4},"end":{"line":48,"column":42}},"3":{"start":{"line":49,"column":4},"end":{"line":49,"column":80}},"4":{"start":{"line":50,"column":4},"end":{"line":50,"column":59}},"5":{"start":{"line":51,"column":4},"end":{"line":51,"column":62}},"6":{"start":{"line":52,"column":4},"end":{"line":52,"column":56}},"7":{"start":{"line":57,"column":4},"end":{"line":57,"column":62}},"8":{"start":{"line":58,"column":4},"end":{"line":58,"column":50}},"9":{"start":{"line":25,"column":2},"end":{"line":25,"column":null}},"10":{"start":{"line":28,"column":2},"end":{"line":28,"column":null}},"11":{"start":{"line":31,"column":2},"end":{"line":31,"column":null}},"12":{"start":{"line":34,"column":2},"end":{"line":34,"column":null}},"13":{"start":{"line":37,"column":2},"end":{"line":37,"column":null}},"14":{"start":{"line":41,"column":2},"end":{"line":41,"column":null}},"15":{"start":{"line":45,"column":2},"end":{"line":45,"column":null}},"16":{"start":{"line":23,"column":13},"end":{"line":60,"column":null}},"17":{"start":{"line":23,"column":13},"end":{"line":23,"column":19}}},"fnMap":{"0":{"name":"(anonymous_2)","decl":{"start":{"line":47,"column":2},"end":{"line":47,"column":14}},"loc":{"start":{"line":47,"column":35},"end":{"line":53,"column":3}}},"1":{"name":"(anonymous_3)","decl":{"start":{"line":56,"column":2},"end":{"line":56,"column":8}},"loc":{"start":{"line":56,"column":30},"end":{"line":59,"column":3}}}},"branchMap":{"0":{"loc":{"start":{"line":48,"column":18},"end":{"line":48,"column":21}},"type":"binary-expr","locations":[{"start":{"line":48,"column":18},"end":{"line":48,"column":21}},{"start":{"line":48,"column":25},"end":{"line":48,"column":34}},{"start":{"line":48,"column":39},"end":{"line":48,"column":41}}]},"1":{"loc":{"start":{"line":49,"column":28},"end":{"line":49,"column":31}},"type":"binary-expr","locations":[{"start":{"line":49,"column":28},"end":{"line":49,"column":31}},{"start":{"line":49,"column":35},"end":{"line":49,"column":54}},{"start":{"line":49,"column":59},"end":{"line":49,"column":79}}]},"2":{"loc":{"start":{"line":50,"column":21},"end":{"line":50,"column":24}},"type":"binary-expr","locations":[{"start":{"line":50,"column":21},"end":{"line":50,"column":24}},{"start":{"line":50,"column":28},"end":{"line":50,"column":40}},{"start":{"line":50,"column":45},"end":{"line":50,"column":58}}]},"3":{"loc":{"start":{"line":51,"column":22},"end":{"line":51,"column":25}},"type":"binary-expr","locations":[{"start":{"line":51,"column":22},"end":{"line":51,"column":25}},{"start":{"line":51,"column":29},"end":{"line":51,"column":42}},{"start":{"line":51,"column":47},"end":{"line":51,"column":61}}]},"4":{"loc":{"start":{"line":52,"column":20},"end":{"line":52,"column":23}},"type":"binary-expr","locations":[{"start":{"line":52,"column":20},"end":{"line":52,"column":23}},{"start":{"line":52,"column":27},"end":{"line":52,"column":38}},{"start":{"line":52,"column":43},"end":{"line":52,"column":55}}]},"5":{"loc":{"start":{"line":57,"column":22},"end":{"line":57,"column":25}},"type":"binary-expr","locations":[{"start":{"line":57,"column":22},"end":{"line":57,"column":25}},{"start":{"line":57,"column":29},"end":{"line":57,"column":42}},{"start":{"line":57,"column":47},"end":{"line":57,"column":61}}]},"6":{"loc":{"start":{"line":58,"column":18},"end":{"line":58,"column":21}},"type":"binary-expr","locations":[{"start":{"line":58,"column":18},"end":{"line":58,"column":21}},{"start":{"line":58,"column":25},"end":{"line":58,"column":34}},{"start":{"line":58,"column":39},"end":{"line":58,"column":49}}]}},"s":{"0":1,"1":1,"2":0,"3":0,"4":0,"5":0,"6":0,"7":0,"8":0,"9":1,"10":1,"11":1,"12":1,"13":1,"14":1,"15":1,"16":1,"17":1},"f":{"0":0,"1":0},"b":{"0":[0,0,0],"1":[0,0,0],"2":[0,0,0],"3":[0,0,0],"4":[0,0,0],"5":[0,0,0],"6":[0,0,0]}}
,"/Users/kenty/kyoino/think-auth/think-admin-back/src/entity/Planes.ts": {"path":"/Users/kenty/kyoino/think-auth/think-admin-back/src/entity/Planes.ts","statementMap":{"0":{"start":{"line":1,"column":0},"end":{"line":1,"column":null}},"1":{"start":{"line":22,"column":0},"end":{"line":57,"column":null}},"2":{"start":{"line":44,"column":4},"end":{"line":44,"column":40}},"3":{"start":{"line":45,"column":4},"end":{"line":45,"column":71}},"4":{"start":{"line":46,"column":4},"end":{"line":46,"column":53}},"5":{"start":{"line":47,"column":4},"end":{"line":47,"column":62}},"6":{"start":{"line":52,"column":4},"end":{"line":52,"column":40}},"7":{"start":{"line":53,"column":4},"end":{"line":53,"column":71}},"8":{"start":{"line":54,"column":4},"end":{"line":54,"column":53}},"9":{"start":{"line":55,"column":4},"end":{"line":55,"column":62}},"10":{"start":{"line":24,"column":2},"end":{"line":24,"column":null}},"11":{"start":{"line":27,"column":2},"end":{"line":27,"column":null}},"12":{"start":{"line":30,"column":2},"end":{"line":30,"column":null}},"13":{"start":{"line":33,"column":2},"end":{"line":33,"column":null}},"14":{"start":{"line":37,"column":2},"end":{"line":37,"column":null}},"15":{"start":{"line":41,"column":2},"end":{"line":41,"column":null}},"16":{"start":{"line":22,"column":13},"end":{"line":57,"column":null}},"17":{"start":{"line":22,"column":13},"end":{"line":22,"column":19}}},"fnMap":{"0":{"name":"(anonymous_2)","decl":{"start":{"line":43,"column":2},"end":{"line":43,"column":14}},"loc":{"start":{"line":43,"column":33},"end":{"line":48,"column":3}}},"1":{"name":"(anonymous_3)","decl":{"start":{"line":51,"column":2},"end":{"line":51,"column":8}},"loc":{"start":{"line":51,"column":28},"end":{"line":56,"column":3}}}},"branchMap":{"0":{"loc":{"start":{"line":44,"column":17},"end":{"line":44,"column":20}},"type":"binary-expr","locations":[{"start":{"line":44,"column":17},"end":{"line":44,"column":20}},{"start":{"line":44,"column":24},"end":{"line":44,"column":32}},{"start":{"line":44,"column":37},"end":{"line":44,"column":39}}]},"1":{"loc":{"start":{"line":45,"column":25},"end":{"line":45,"column":28}},"type":"binary-expr","locations":[{"start":{"line":45,"column":25},"end":{"line":45,"column":28}},{"start":{"line":45,"column":32},"end":{"line":45,"column":48}},{"start":{"line":45,"column":53},"end":{"line":45,"column":70}}]},"2":{"loc":{"start":{"line":46,"column":19},"end":{"line":46,"column":22}},"type":"binary-expr","locations":[{"start":{"line":46,"column":19},"end":{"line":46,"column":22}},{"start":{"line":46,"column":26},"end":{"line":46,"column":36}},{"start":{"line":46,"column":41},"end":{"line":46,"column":52}}]},"3":{"loc":{"start":{"line":47,"column":22},"end":{"line":47,"column":25}},"type":"binary-expr","locations":[{"start":{"line":47,"column":22},"end":{"line":47,"column":25}},{"start":{"line":47,"column":29},"end":{"line":47,"column":42}},{"start":{"line":47,"column":47},"end":{"line":47,"column":61}}]},"4":{"loc":{"start":{"line":52,"column":17},"end":{"line":52,"column":20}},"type":"binary-expr","locations":[{"start":{"line":52,"column":17},"end":{"line":52,"column":20}},{"start":{"line":52,"column":24},"end":{"line":52,"column":32}},{"start":{"line":52,"column":37},"end":{"line":52,"column":39}}]},"5":{"loc":{"start":{"line":53,"column":25},"end":{"line":53,"column":28}},"type":"binary-expr","locations":[{"start":{"line":53,"column":25},"end":{"line":53,"column":28}},{"start":{"line":53,"column":32},"end":{"line":53,"column":48}},{"start":{"line":53,"column":53},"end":{"line":53,"column":70}}]},"6":{"loc":{"start":{"line":54,"column":19},"end":{"line":54,"column":22}},"type":"binary-expr","locations":[{"start":{"line":54,"column":19},"end":{"line":54,"column":22}},{"start":{"line":54,"column":26},"end":{"line":54,"column":36}},{"start":{"line":54,"column":41},"end":{"line":54,"column":52}}]},"7":{"loc":{"start":{"line":55,"column":22},"end":{"line":55,"column":25}},"type":"binary-expr","locations":[{"start":{"line":55,"column":22},"end":{"line":55,"column":25}},{"start":{"line":55,"column":29},"end":{"line":55,"column":42}},{"start":{"line":55,"column":47},"end":{"line":55,"column":61}}]}},"s":{"0":1,"1":1,"2":0,"3":0,"4":0,"5":0,"6":0,"7":0,"8":0,"9":0,"10":1,"11":1,"12":1,"13":1,"14":1,"15":1,"16":1,"17":1},"f":{"0":0,"1":0},"b":{"0":[0,0,0],"1":[0,0,0],"2":[0,0,0],"3":[0,0,0],"4":[0,0,0],"5":[0,0,0],"6":[0,0,0],"7":[0,0,0]}}
,"/Users/kenty/kyoino/think-auth/think-admin-back/src/entity/Role.ts": {"path":"/Users/kenty/kyoino/think-auth/think-admin-back/src/entity/Role.ts","statementMap":{"0":{"start":{"line":1,"column":0},"end":{"line":1,"column":null}},"1":{"start":{"line":9,"column":0},"end":{"line":9,"column":45}},"2":{"start":{"line":17,"column":0},"end":{"line":36,"column":null}},"3":{"start":{"line":34,"column":4},"end":{"line":34,"column":46}},"4":{"start":{"line":19,"column":2},"end":{"line":19,"column":null}},"5":{"start":{"line":23,"column":2},"end":{"line":23,"column":null}},"6":{"start":{"line":27,"column":2},"end":{"line":27,"column":null}},"7":{"start":{"line":31,"column":2},"end":{"line":31,"column":null}},"8":{"start":{"line":17,"column":13},"end":{"line":36,"column":null}},"9":{"start":{"line":17,"column":13},"end":{"line":17,"column":17}}},"fnMap":{"0":{"name":"(anonymous_2)","decl":{"start":{"line":33,"column":2},"end":{"line":33,"column":14}},"loc":{"start":{"line":33,"column":33},"end":{"line":35,"column":3}}}},"branchMap":{"0":{"loc":{"start":{"line":34,"column":17},"end":{"line":34,"column":20}},"type":"binary-expr","locations":[{"start":{"line":34,"column":17},"end":{"line":34,"column":20}},{"start":{"line":34,"column":24},"end":{"line":34,"column":32}},{"start":{"line":34,"column":37},"end":{"line":34,"column":45}}]}},"s":{"0":1,"1":1,"2":1,"3":0,"4":1,"5":1,"6":1,"7":1,"8":1,"9":1},"f":{"0":0},"b":{"0":[0,0,0]}}
[...]
":97,"column":20},"end":{"line":97,"column":23}},"type":"binary-expr","locations":[{"start":{"line":97,"column":20},"end":{"line":97,"column":23}},{"start":{"line":97,"column":27},"end":{"line":97,"column":38}},{"start":{"line":97,"column":43},"end":{"line":97,"column":55}}]},"17":{"loc":{"start":{"line":98,"column":23},"end":{"line":98,"column":26}},"type":"binary-expr","locations":[{"start":{"line":98,"column":23},"end":{"line":98,"column":26}},{"start":{"line":98,"column":30},"end":{"line":98,"column":44}},{"start":{"line":98,"column":49},"end":{"line":98,"column":64}}]},"18":{"loc":{"start":{"line":99,"column":16},"end":{"line":99,"column":19}},"type":"binary-expr","locations":[{"start":{"line":99,"column":16},"end":{"line":99,"column":19}},{"start":{"line":99,"column":23},"end":{"line":99,"column":30}},{"start":{"line":99,"column":35},"end":{"line":99,"column":43}}]},"19":{"loc":{"start":{"line":100,"column":26},"end":{"line":100,"column":29}},"type":"binary-expr","locations":[{"start":{"line":100,"column":26},"end":{"line":100,"column":29}},{"start":{"line":100,"column":33},"end":{"line":100,"column":50}},{"start":{"line":100,"column":55},"end":{"line":100,"column":73}}]},"20":{"loc":{"start":{"line":102,"column":7},"end":{"line":102,"column":10}},"type":"binary-expr","locations":[{"start":{"line":102,"column":7},"end":{"line":102,"column":10}},{"start":{"line":102,"column":14},"end":{"line":102,"column":35}},{"start":{"line":102,"column":40},"end":{"line":102,"column":62}}]},"21":{"loc":{"start":{"line":103,"column":21},"end":{"line":103,"column":24}},"type":"binary-expr","locations":[{"start":{"line":103,"column":21},"end":{"line":103,"column":24}},{"start":{"line":103,"column":28},"end":{"line":103,"column":40}},{"start":{"line":103,"column":45},"end":{"line":103,"column":58}}]},"22":{"loc":{"start":{"line":104,"column":19},"end":{"line":104,"column":22}},"type":"binary-expr","locations":[{"start":{"line":104,"column":19},"end":{"line":104,"column":22}},{"start":{"line":104,"column":26},"end":{"line":104,"column":36}},{"start":{"line":104,"column":41},"end":{"line":104,"column":52}}]},"23":{"loc":{"start":{"line":105,"column":22},"end":{"line":105,"column":25}},"type":"binary-expr","locations":[{"start":{"line":105,"column":22},"end":{"line":105,"column":25}},{"start":{"line":105,"column":29},"end":{"line":105,"column":42}},{"start":{"line":105,"column":47},"end":{"line":105,"column":61}}]}},"s":{"0":1,"1":1,"2":0,"3":0,"4":0,"5":0,"6":0,"7":0,"8":0,"9":0,"10":0,"11":0,"12":0,"13":0,"14":0,"15":0,"16":0,"17":0,"18":0,"19":0,"20":0,"21":0,"22":0,"23":0,"24":0,"25":0,"26":1,"27":1,"28":1,"29":1,"30":1,"31":1,"32":1,"33":1,"34":1,"35":1,"36":1,"37":1,"38":1,"39":1,"40":1,"41":1},"f":{"0":0,"1":0},"b":{"0":[0,0,0],"1":[0,0,0],"2":[0,0,0],"3":[0,0,0],"4":[0,0,0],"5":[0,0,0],"6":[0,0,0],"7":[0,0,0],"8":[0,0,0],"9":[0,0,0],"10":[0,0,0],"11":[0,0,0],"12":[0,0,0],"13":[0,0,0],"14":[0,0,0],"15":[0,0,0],"16":[0,0,0],"17":[0,0,0],"18":[0,0,0],"19":[0,0,0],"20":[0,0,0],"21":[0,0,0],"22":[0,0,0],"23":[0,0,0]}}
,"/Users/kenty/kyoino/think-auth/think-admin-back/src/middlewares/addHALHeaders.ts": {"path":"/Users/kenty/kyoino/think-auth/think-admin-back/src/middlewares/addHALHeaders.ts","statementMap":{"0":{"start":{"line":3,"column":22},"end":{"line":22,"column":1}},"1":{"start":{"line":3,"column":28},"end":{"line":22,"column":1}},"2":{"start":{"line":20,"column":2},"end":{"line":20,"column":71}},"3":{"start":{"line":21,"column":2},"end":{"line":21,"column":16}},"4":{"start":{"line":23,"column":0},"end":{"line":23,"column":29}}},"fnMap":{"0":{"name":"(anonymous_0)","decl":{"start":{"line":3,"column":22},"end":{"line":3,"column":25}},"loc":{"start":{"line":3,"column":28},"end":{"line":22,"column":1}}},"1":{"name":"(anonymous_1)","decl":{"start":{"line":3,"column":28},"end":{"line":3,"column":null}},"loc":{"start":{"line":19,"column":10},"end":{"line":22,"column":1}}}},"branchMap":{},"s":{"0":2,"1":1,"2":1,"3":1,"4":2},"f":{"0":1,"1":1},"b":{}}
,"/Users/kenty/kyoino/think-auth/think-admin-back/src/middlewares/checkJwt.ts": {"path":"/Users/kenty/kyoino/think-auth/think-admin-back/src/middlewares/checkJwt.ts","statementMap":{"0":{"start":{"line":2,"column":0},"end":{"line":2,"column":36}},"1":{"start":{"line":3,"column":0},"end":{"line":3,"column":38}},"2":{"start":{"line":5,"column":13},"end":{"line":41,"column":2}},"3":{"start":{"line":11,"column":24},"end":{"line":11,"column":74}},"4":{"start":{"line":12,"column":2},"end":{"line":16,"column":null}},"5":{"start":{"line":14,"column":4},"end":{"line":14,"column":43}},"6":{"start":{"line":15,"column":4},"end":{"line":15,"column":18}},"7":{"start":{"line":17,"column":16},"end":{"line":17,"column":31}},"8":{"start":{"line":21,"column":2},"end":{"line":29,"column":null}},"9":{"start":{"line":23,"column":4},"end":{"line":23,"column":60}},"10":{"start":{"line":24,"column":4},"end":{"line":24,"column":39}},"11":{"start":{"line":27,"column":4},"end":{"line":27,"column":42}},"12":{"start":{"line":28,"column":4},"end":{"line":28,"column":18}},"13":{"start":{"line":33,"column":38},"end":{"line":33,"column":48}},"14":{"start":{"line":34,"column":19},"end":{"line":36,"column":4}},"15":{"start":{"line":37,"column":2},"end":{"line":37,"column":35}},"16":{"start":{"line":40,"column":2},"end":{"line":40,"column":16}}},"fnMap":{"0":{"name":"(anonymous_2)","decl":{"start":{"line":5,"column":24},"end":{"line":5,"column":null}},"loc":{"start":{"line":9,"column":10},"end":{"line":41,"column":1}}}},"branchMap":{"0":{"loc":{"start":{"line":12,"column":2},"end":{"line":16,"column":null}},"type":"if","locations":[{"start":{"line":12,"column":2},"end":{"line":16,"column":null}},{"start":{"line":12,"column":2},"end":{"line":16,"column":null}}]}},"s":{"0":1,"1":1,"2":1,"3":0,"4":0,"5":0,"6":0,"7":0,"8":0,"9":0,"10":0,"11":0,"12":0,"13":0,"14":0,"15":0,"16":0},"f":{"0":0},"b":{"0":[0,0]}}
,"/Users/kenty/kyoino/think-auth/think-admin-back/src/middlewares/checkRole.ts": {"path":"/Users/kenty/kyoino/think-auth/think-admin-back/src/middlewares/checkRole.ts","statementMap":{"0":{"start":{"line":2,"column":0},"end":{"line":2,"column":40}},"1":{"start":{"line":4,"column":0},"end":{"line":4,"column":58}},"2":{"start":{"line":5,"column":0},"end":{"line":5,"column":38}},"3":{"start":{"line":7,"column":13},"end":{"line":56,"column":2}},"4":{"start":{"line":11,"column":35},"end":{"line":11,"column":37}},"5":{"start":{"line":12,"column":2},"end":{"line":18,"column":5}},"6":{"start":{"line":13,"column":4},"end":{"line":17,"column":null}},"7":{"start":{"line":14,"column":6},"end":{"line":14,"column":27}},"8":{"start":{"line":16,"column":6},"end":{"line":16,"column":32}},"9":{"start":{"line":19,"column":2},"end":{"line":55,"column":4}},"10":{"start":{"line":23,"column":21},"end":{"line":55,"column":4}},"11":{"start":{"line":25,"column":15},"end":{"line":25,"column":39}},"12":{"start":{"line":28,"column":27},"end":{"line":28,"column":56}},"13":{"start":{"line":30,"column":4},"end":{"line":35,"column":null}},"14":{"start":{"line":31,"column":6},"end":{"line":31,"column":52}},"15":{"start":{"line":32,"column":6},"end":{"line":32,"column":20}},"16":{"start":{"line":34,"column":6},"end":{"line":34,"column":54}},"17":{"start":{"line":38,"column":22},"end":{"line":40,"column":6}},"18":{"start":{"line":41,"column":4},"end":{"line":54,"column":null}},"19":{"start":{"line":42,"column":6},"end":{"line":42,"column":20}},"20":{"start":{"line":44,"column":17},"end":{"line":44,"column":22}},"21":{"start":{"line":45,"column":6},"end":{"line":50,"column":9}},"22":{"start":{"line":46,"column":8},"end":{"line":49,"column":null}},"23":{"start":{"line":47,"column":10},"end":{"line":47,"column":22}},"24":{"start":{"line":48,"column":10},"end":{"line":48,"column":44}},"25":{"start":{"line":51,"column":6},"end":{"line":52,"column":69}},"26":{"start":{"line":51,"column":16},"end":{"line":51,"column":30}},"27":{"start":{"line":52,"column":11},"end":{"line":52,"column":69}},"28":{"start":{"line":53,"column":6},"end":{"line":53,"column":20}}},"fnMap":{"0":{"name":"(anonymous_7)","decl":{"start":{"line":7,"column":25},"end":{"line":7,"column":null}},"loc":{"start":{"line":9,"column":20},"end":{"line":56,"column":1}}},"1":{"name":"(anonymous_8)","decl":{"start":{"line":12,"column":16},"end":{"line":12,"column":17}},"loc":{"start":{"line":12,"column":40},"end":{"line":18,"column":3}}},"2":{"name":"(anonymous_9)","decl":{"start":{"line":19,"column":9},"end":{"line":19,"column":null}},"loc":{"start":{"line":23,"column":21},"end":{"line":55,"column":4}}},"3":{"name":"(anonymous_10)","decl":{"start":{"line":23,"column":21},"end":{"line":23,"column":null}},"loc":{"start":{"line":23,"column":21},"end":{"line":55,"column":3}}},"4":{"name":"(anonymous_11)","decl":{"start":{"line":45,"column":24},"end":{"line":45,"column":25}},"loc":{"start":{"line":45,"column":43},"end":{"line":50,"column":7}}}},"branchMap":{"0":{"loc":{"start":{"line":13,"column":4},"end":{"line":17,"column":null}},"type":"if","locations":[{"start":{"line":13,"column":4},"end":{"line":17,"column":null}},{"start":{"line":13,"column":4},"end":{"line":17,"column":null}}]},"1":{"loc":{"start":{"line":41,"column":4},"end":{"line":54,"column":null}},"type":"if","locations":[{"start":{"line":41,"column":4},"end":{"line":54,"column":null}},{"start":{"line":41,"column":4},"end":{"line":54,"column":null}}]},"2":{"loc":{"start":{"line":41,"column":8},"end":{"line":41,"column":26}},"type":"binary-expr","locations":[{"start":{"line":41,"column":8},"end":{"line":41,"column":26}},{"start":{"line":41,"column":30},"end":{"line":41,"column":62}}]},"3":{"loc":{"start":{"line":46,"column":8},"end":{"line":49,"column":null}},"type":"if","locations":[{"start":{"line":46,"column":8},"end":{"line":49,"column":null}},{"start":{"line":46,"column":8},"end":{"line":49,"column":null}}]},"4":{"loc":{"start":{"line":51,"column":6},"end":{"line":52,"column":69}},"type":"if","locations":[{"start":{"line":51,"column":6},"end":{"line":52,"column":69}},{"start":{"line":51,"column":6},"end":{"line":52,"column":69}}]}},"s":{"0":1,"1":1,"2":1,"3":1,"4":5,"5":5,"6":5,"7":5,"8":0,"9":5,"10":0,"11":0,"12":0,"13":0,"14":0,"15":0,"16":0,"17":0,"18":0,"19":0,"20":0,"21":0,"22":0,"23":0,"24":0,"25":0,"26":0,"27":0,"28":0},"f":{"0":5,"1":5,"2":0,"3":0,"4":0},"b":{"0":[5,0],"1":[0,0],"2":[0,0],"3":[0,0],"4":[0,0]}}
,"/Users/kenty/kyoino/think-auth/think-admin-back/src/middlewares/error.ts": {"path":"/Users/kenty/kyoino/think-auth/think-admin-back/src/middlewares/error.ts","statementMap":{"0":{"start":{"line":3,"column":24},"end":{"line":14,"column":1}},"1":{"start":{"line":3,"column":51},"end":{"line":14,"column":1}},"2":{"start":{"line":11,"column":2},"end":{"line":11,"column":35}},"3":{"start":{"line":12,"column":2},"end":{"line":12,"column":69}},"4":{"start":{"line":13,"column":2},"end":{"line":13,"column":16}},"5":{"start":{"line":15,"column":0},"end":{"line":15,"column":31}}},"fnMap":{"0":{"name":"(anonymous_0)","decl":{"start":{"line":3,"column":24},"end":{"line":3,"column":48}},"loc":{"start":{"line":3,"column":51},"end":{"line":14,"column":1}}},"1":{"name":"(anonymous_1)","decl":{"start":{"line":3,"column":51},"end":{"line":3,"column":null}},"loc":{"start":{"line":9,"column":10},"end":{"line":14,"column":1}}}},"branchMap":{"0":{"loc":{"start":{"line":12,"column":60},"end":{"line":12,"column":63}},"type":"cond-expr","locations":[{"start":{"line":12,"column":60},"end":{"line":12,"column":63}},{"start":{"line":12,"column":66},"end":{"line":12,"column":68}}]}},"s":{"0":1,"1":0,"2":0,"3":0,"4":0,"5":1},"f":{"0":0,"1":0},"b":{"0":[0,0]}}
,"/Users/kenty/kyoino/think-auth/think-admin-back/src/middlewares/openAPIDoc.ts": {"path":"/Users/kenty/kyoino/think-auth/think-admin-back/src/middlewares/openAPIDoc.ts","statementMap":{"0":{"start":{"line":2,"column":0},"end":{"line":2,"column":26}},"1":{"start":{"line":4,"column":13},"end":{"line":12,"column":2}},"2":{"start":{"line":4,"column":59},"end":{"line":12,"column":1}},"3":{"start":{"line":9,"column":2},"end":{"line":9,"column":52}},"4":{"start":{"line":10,"column":2},"end":{"line":10,"column":51}},"5":{"start":{"line":11,"column":2},"end":{"line":11,"column":16}}},"fnMap":{"0":{"name":"(anonymous_1)","decl":{"start":{"line":4,"column":37},"end":{"line":4,"column":56}},"loc":{"start":{"line":4,"column":59},"end":{"line":12,"column":1}}},"1":{"name":"(anonymous_2)","decl":{"start":{"line":4,"column":59},"end":{"line":4,"column":null}},"loc":{"start":{"line":8,"column":10},"end":{"line":12,"column":1}}}},"branchMap":{},"s":{"0":1,"1":1,"2":0,"3":0,"4":0,"5":0},"f":{"0":0,"1":0},"b":{}}
,"/Users/kenty/kyoino/think-auth/think-admin-back/src/routes/admins.ts": {"path":"/Users/kenty/kyoino/think-auth/think-admin-back/src/routes/admins.ts","statementMap":{"0":{"start":{"line":1,"column":0},"end":{"line":1,"column":33}},"1":{"start":{"line":2,"column":0},"end":{"line":2,"column":61}},"2":{"start":{"line":3,"column":0},"end":{"line":3,"column":51}},"3":{"start":{"line":5,"column":15},"end":{"line":5,"column":23}},"4":{"start":{"line":7,"column":0},"end":{"line":7,"column":45}},"5":{"start":{"line":10,"column":0},"end":{"line":10,"column":76}},"6":{"start":{"line":12,"column":0},"end":{"line":12,"column":22}}},"fnMap":{},"branchMap":{},"s":{"0":1,"1":1,"2":1,"3":1,"4":1,"5":1,"6":1},"f":{},"b":{}}
,"/Users/kenty/kyoino/think-auth/think-admin-back/src/routes/groups.ts": {"path":"/Users/kenty/kyoino/think-auth/think-admin-back/src/routes/groups.ts","statementMap":{"0":{"start":{"line":1,"column":0},"end":{"line":1,"column":33}},"1":{"start":{"line":2,"column":0},"end":{"line":2,"column":61}},"2":{"start":{"line":3,"column":0},"end":{"line":3,"column":51}},"3":{"start":{"line":4,"column":0},"end":{"line":4,"column":53}},"4":{"start":{"line":6,"column":15},"end":{"line":6,"column":23}},"5":{"start":{"line":9,"column":0},"end":{"line":9,"column":75}},"6":{"start":{"line":12,"column":0},"end":{"line":12,"column":77}},"7":{"start":{"line":13,"column":0},"end":{"line":13,"column":80}},"8":{"start":{"line":16,"column":0},"end":{"line":20,"column":2}},"9":{"start":{"line":23,"column":0},"end":{"line":27,"column":2}},"10":{"start":{"line":29,"column":0},"end":{"line":29,"column":22}}},"fnMap":{},"branchMap":{},"s":{"0":1,"1":1,"2":1,"3":1,"4":1,"5":1,"6":1,"7":1,"8":1,"9":1,"10":1},"f":{},"b":{}}
,"/Users/kenty/kyoino/think-auth/think-admin-back/src/routes/index.ts": {"path":"/Users/kenty/kyoino/think-auth/think-admin-back/src/routes/index.ts","statementMap":{"0":{"start":{"line":1,"column":0},"end":{"line":1,"column":66}},"1":{"start":{"line":2,"column":0},"end":{"line":2,"column":44}},"2":{"start":{"line":3,"column":0},"end":{"line":3,"column":30}},"3":{"start":{"line":4,"column":0},"end":{"line":4,"column":30}},"4":{"start":{"line":5,"column":0},"end":{"line":5,"column":30}},"5":{"start":{"line":6,"column":0},"end":{"line":6,"column":42}},"6":{"start":{"line":7,"column":0},"end":{"line":7,"column":30}},"7":{"start":{"line":9,"column":15},"end":{"line":9,"column":23}},"8":{"start":{"line":11,"column":0},"end":{"line":19,"column":3}},"9":{"start":{"line":12,"column":2},"end":{"line":17,"column":5}},"10":{"start":{"line":18,"column":2},"end":{"line":18,"column":16}},"11":{"start":{"line":22,"column":0},"end":{"line":22,"column":44}},"12":{"start":{"line":23,"column":0},"end":{"line":23,"column":30}},"13":{"start":{"line":24,"column":0},"end":{"line":24,"column":30}},"14":{"start":{"line":25,"column":0},"end":{"line":25,"column":35}},"15":{"start":{"line":26,"column":0},"end":{"line":26,"column":42}},"16":{"start":{"line":27,"column":0},"end":{"line":27,"column":30}},"17":{"start":{"line":29,"column":0},"end":{"line":29,"column":22}}},"fnMap":{"0":{"name":"(anonymous_1)","decl":{"start":{"line":11,"column":16},"end":{"line":11,"column":17}},"loc":{"start":{"line":11,"column":68},"end":{"line":19,"column":1}}}},"branchMap":{},"s":{"0":1,"1":1,"2":1,"3":1,"4":1,"5":1,"6":1,"7":1,"8":1,"9":0,"10":0,"11":1,"12":1,"13":1,"14":1,"15":1,"16":1,"17":1},"f":{"0":0},"b":{}}
,"/Users/kenty/kyoino/think-auth/think-admin-back/src/routes/maintenances.ts": {"path":"/Users/kenty/kyoino/think-auth/think-admin-back/src/routes/maintenances.ts","statementMap":{"0":{"start":{"line":1,"column":0},"end":{"line":1,"column":33}},"1":{"start":{"line":4,"column":0},"end":{"line":4,"column":75}},"2":{"start":{"line":6,"column":15},"end":{"line":6,"column":23}},"3":{"start":{"line":9,"column":0},"end":{"line":13,"column":2}},"4":{"start":{"line":16,"column":0},"end":{"line":20,"column":2}},"5":{"start":{"line":22,"column":0},"end":{"line":22,"column":22}}},"fnMap":{},"branchMap":{},"s":{"0":1,"1":1,"2":1,"3":1,"4":1,"5":1},"f":{},"b":{}}
,"/Users/kenty/kyoino/think-auth/think-admin-back/src/routes/notice.ts": {"path":"/Users/kenty/kyoino/think-auth/think-admin-back/src/routes/notice.ts","statementMap":{"0":{"start":{"line":1,"column":0},"end":{"line":1,"column":33}},"1":{"start":{"line":4,"column":0},"end":{"line":4,"column":63}},"2":{"start":{"line":7,"column":15},"end":{"line":7,"column":23}},"3":{"start":{"line":10,"column":0},"end":{"line":14,"column":2}},"4":{"start":{"line":17,"column":0},"end":{"line":21,"column":2}},"5":{"start":{"line":24,"column":0},"end":{"line":28,"column":2}},"6":{"start":{"line":31,"column":0},"end":{"line":35,"column":2}},"7":{"start":{"line":38,"column":0},"end":{"line":42,"column":2}},"8":{"start":{"line":44,"column":0},"end":{"line":44,"column":22}}},"fnMap":{},"branchMap":{},"s":{"0":1,"1":1,"2":1,"3":1,"4":1,"5":1,"6":1,"7":1,"8":1},"f":{},"b":{}}
,"/Users/kenty/kyoino/think-auth/think-admin-back/src/routes/planes.ts": {"path":"/Users/kenty/kyoino/think-auth/think-admin-back/src/routes/planes.ts","statementMap":{"0":{"start":{"line":1,"column":0},"end":{"line":1,"column":33}},"1":{"start":{"line":2,"column":0},"end":{"line":2,"column":63}},"2":{"start":{"line":6,"column":15},"end":{"line":6,"column":23}},"3":{"start":{"line":9,"column":0},"end":{"line":13,"column":2}},"4":{"start":{"line":16,"column":0},"end":{"line":20,"column":2}},"5":{"start":{"line":23,"column":0},"end":{"line":27,"column":2}},"6":{"start":{"line":30,"column":0},"end":{"line":34,"column":2}},"7":{"start":{"line":37,"column":0},"end":{"line":41,"column":2}},"8":{"start":{"line":43,"column":0},"end":{"line":43,"column":22}}},"fnMap":{},"branchMap":{},"s":{"0":1,"1":1,"2":1,"3":1,"4":1,"5":1,"6":1,"7":1,"8":1},"f":{},"b":{}}
,"/Users/kenty/kyoino/think-auth/think-admin-back/src/routes/userCompanies.ts": {"path":"/Users/kenty/kyoino/think-auth/think-admin-back/src/routes/userCompanies.ts","statementMap":{"0":{"start":{"line":1,"column":0},"end":{"line":1,"column":33}},"1":{"start":{"line":2,"column":0},"end":{"line":2,"column":78}},"2":{"start":{"line":7,"column":15},"end":{"line":7,"column":23}},"3":{"start":{"line":10,"column":0},"end":{"line":14,"column":2}},"4":{"start":{"line":17,"column":0},"end":{"line":21,"column":2}},"5":{"start":{"line":24,"column":0},"end":{"line":24,"column":66}},"6":{"start":{"line":27,"column":0},"end":{"line":31,"column":2}},"7":{"start":{"line":34,"column":0},"end":{"line":38,"column":2}},"8":{"start":{"line":41,"column":0},"end":{"line":45,"column":2}},"9":{"start":{"line":47,"column":0},"end":{"line":47,"column":22}}},"fnMap":{},"branchMap":{},"s":{"0":1,"1":1,"2":1,"3":1,"4":1,"5":1,"6":1,"7":1,"8":1,"9":1},"f":{},"b":{}}
,"/Users/kenty/kyoino/think-auth/think-admin-back/src/utils/to_hash.ts": {"path":"/Users/kenty/kyoino/think-auth/think-admin-back/src/utils/to_hash.ts","statementMap":{"0":{"start":{"line":1,"column":0},"end":{"line":1,"column":35}},"1":{"start":{"line":4,"column":2},"end":{"line":4,"column":34}},"2":{"start":{"line":7,"column":0},"end":{"line":7,"column":22}}},"fnMap":{"0":{"name":"toHash","decl":{"start":{"line":3,"column":9},"end":{"line":3,"column":15}},"loc":{"start":{"line":3,"column":28},"end":{"line":5,"column":1}}}},"branchMap":{},"s":{"0":1,"1":0,"2":1},"f":{"0":0},"b":{}}
}
