TN:
SF:/Users/kenty/kyoino/think-auth/think-admin-back/app.ts
FN:16,(anonymous_9)
FN:16,(anonymous_10)
FNF:2
FNH:0
FNDA:0,(anonymous_9)
FNDA:0,(anonymous_10)
DA:1,1
DA:2,1
DA:3,1
DA:4,1
DA:5,1
DA:6,1
DA:8,1
DA:9,1
DA:10,1
DA:11,1
DA:12,1
DA:13,1
DA:15,1
DA:16,1
DA:18,0
DA:19,0
DA:20,0
DA:21,0
DA:22,0
DA:23,0
DA:24,0
DA:26,0
DA:27,0
DA:28,0
DA:29,0
DA:31,0
DA:34,1
LF:27
LH:15
BRDA:28,0,0,0
BRDA:28,0,1,0
BRF:2
BRH:0
end_of_record
TN:
SF:/Users/kenty/kyoino/think-auth/think-admin-back/ormconfig.ts
FNF:0
FNH:0
DA:3,1
DA:24,1
LF:2
LH:2
BRF:0
BRH:0
end_of_record
TN:
SF:/Users/kenty/kyoino/think-auth/think-admin-back/src/config/config.ts
FNF:0
FNH:0
DA:1,1
LF:1
LH:1
BRF:0
BRH:0
end_of_record
TN:
SF:/Users/kenty/kyoino/think-auth/think-admin-back/src/controllers/AdminController.ts
FN:11,(anonymous_9)
FN:11,(anonymous_10)
FN:56,(anonymous_11)
FN:59,(anonymous_12)
FN:106,(anonymous_13)
FN:106,(anonymous_14)
FNF:6
FNH:0
FNDA:0,(anonymous_9)
FNDA:0,(anonymous_10)
FNDA:0,(anonymous_11)
FNDA:0,(anonymous_12)
FNDA:0,(anonymous_13)
FNDA:0,(anonymous_14)
DA:2,1
DA:3,1
DA:4,1
DA:6,1
DA:7,1
DA:8,1
DA:11,1
DA:13,0
DA:14,0
DA:15,0
DA:19,0
DA:21,0
DA:22,0
DA:28,0
DA:31,0
DA:32,0
DA:33,0
DA:37,0
DA:38,0
DA:39,0
DA:43,0
DA:50,0
DA:53,0
DA:56,1
DA:59,0
DA:61,0
DA:64,0
DA:65,0
DA:66,0
DA:70,0
DA:72,0
DA:73,0
DA:79,0
DA:81,0
DA:82,0
DA:83,0
DA:87,0
DA:88,0
DA:89,0
DA:93,0
DA:94,0
DA:95,0
DA:96,0
DA:97,0
DA:100,0
DA:101,0
DA:103,0
DA:106,1
DA:108,0
DA:109,0
DA:111,0
DA:112,0
DA:117,0
DA:119,0
DA:121,0
DA:124,0
DA:125,0
DA:126,0
DA:128,0
DA:129,0
DA:134,1
LF:61
LH:10
BRDA:14,0,0,0
BRDA:14,0,1,0
BRDA:14,1,0,0
BRDA:14,1,1,0
BRDA:31,2,0,0
BRDA:31,2,1,0
BRDA:37,3,0,0
BRDA:37,3,1,0
BRDA:65,4,0,0
BRDA:65,4,1,0
BRDA:65,5,0,0
BRDA:65,5,1,0
BRDA:81,6,0,0
BRDA:81,6,1,0
BRDA:87,7,0,0
BRDA:87,7,1,0
BRDA:95,8,0,0
BRDA:95,8,1,0
BRDA:109,9,0,0
BRDA:109,9,1,0
BRF:20
BRH:0
end_of_record
TN:
SF:/Users/kenty/kyoino/think-auth/think-admin-back/src/controllers/GroupController.ts
FN:8,(anonymous_7)
FN:8,(anonymous_8)
FN:22,(anonymous_9)
FN:22,(anonymous_10)
FN:53,(anonymous_11)
FN:53,(anonymous_12)
FN:96,(anonymous_13)
FN:96,(anonymous_14)
FNF:8
FNH:0
FNDA:0,(anonymous_7)
FNDA:0,(anonymous_8)
FNDA:0,(anonymous_9)
FNDA:0,(anonymous_10)
FNDA:0,(anonymous_11)
FNDA:0,(anonymous_12)
FNDA:0,(anonymous_13)
FNDA:0,(anonymous_14)
DA:2,1
DA:3,1
DA:5,1
DA:8,1
DA:10,0
DA:11,0
DA:12,0
DA:14,0
DA:15,0
DA:17,0
DA:18,0
DA:22,1
DA:24,0
DA:26,0
DA:34,0
DA:35,0
DA:36,0
DA:37,0
DA:41,0
DA:42,0
DA:43,0
DA:45,0
DA:46,0
DA:50,0
DA:53,1
DA:55,0
DA:58,0
DA:61,0
DA:63,0
DA:64,0
DA:67,0
DA:68,0
DA:72,0
DA:79,0
DA:80,0
DA:81,0
DA:82,0
DA:86,0
DA:87,0
DA:89,0
DA:90,0
DA:93,0
DA:96,1
DA:98,0
DA:100,0
DA:102,0
DA:103,0
DA:105,0
DA:106,0
DA:108,0
DA:111,0
DA:115,1
LF:52
LH:8
BRDA:35,0,0,0
BRDA:35,0,1,0
BRDA:80,1,0,0
BRDA:80,1,1,0
BRF:4
BRH:0
end_of_record
TN:
SF:/Users/kenty/kyoino/think-auth/think-admin-back/src/controllers/MaintenancesController.ts
FN:8,(anonymous_7)
FN:8,(anonymous_8)
FN:23,(anonymous_9)
FN:26,(anonymous_10)
FNF:4
FNH:0
FNDA:0,(anonymous_7)
FNDA:0,(anonymous_8)
FNDA:0,(anonymous_9)
FNDA:0,(anonymous_10)
DA:2,1
DA:3,1
DA:5,1
DA:8,1
DA:10,0
DA:13,0
DA:14,0
DA:15,0
DA:16,0
DA:18,0
DA:19,0
DA:23,1
DA:26,0
DA:28,0
DA:31,0
DA:34,0
DA:36,0
DA:37,0
DA:40,0
DA:41,0
DA:45,0
DA:50,0
DA:51,0
DA:52,0
DA:53,0
DA:57,0
DA:58,0
DA:60,0
DA:61,0
DA:64,0
DA:67,1
LF:31
LH:6
BRDA:51,0,0,0
BRDA:51,0,1,0
BRF:2
BRH:0
end_of_record
TN:
SF:/Users/kenty/kyoino/think-auth/think-admin-back/src/controllers/NoticeController.ts
FN:8,(anonymous_7)
FN:8,(anonymous_8)
FN:22,(anonymous_9)
FN:22,(anonymous_10)
FN:37,(anonymous_11)
FN:37,(anonymous_12)
FN:70,(anonymous_13)
FN:70,(anonymous_14)
FN:121,(anonymous_15)
FN:121,(anonymous_16)
FNF:10
FNH:0
FNDA:0,(anonymous_7)
FNDA:0,(anonymous_8)
FNDA:0,(anonymous_9)
FNDA:0,(anonymous_10)
FNDA:0,(anonymous_11)
FNDA:0,(anonymous_12)
FNDA:0,(anonymous_13)
FNDA:0,(anonymous_14)
FNDA:0,(anonymous_15)
FNDA:0,(anonymous_16)
DA:2,1
DA:3,1
DA:5,1
DA:8,1
DA:10,0
DA:11,0
DA:12,0
DA:13,0
DA:15,0
DA:17,0
DA:18,0
DA:22,1
DA:24,0
DA:27,0
DA:28,0
DA:29,0
DA:30,0
DA:32,0
DA:33,0
DA:37,1
DA:39,0
DA:41,0
DA:42,0
DA:51,0
DA:52,0
DA:53,0
DA:54,0
DA:58,0
DA:59,0
DA:60,0
DA:62,0
DA:63,0
DA:67,0
DA:70,1
DA:72,0
DA:82,0
DA:85,0
DA:87,0
DA:88,0
DA:91,0
DA:92,0
DA:96,0
DA:104,0
DA:105,0
DA:106,0
DA:107,0
DA:111,0
DA:112,0
DA:114,0
DA:115,0
DA:118,0
DA:121,1
DA:123,0
DA:125,0
DA:127,0
DA:128,0
DA:130,0
DA:131,0
DA:133,0
DA:136,0
DA:139,1
LF:61
LH:9
BRDA:52,0,0,0
BRDA:52,0,1,0
BRDA:105,1,0,0
BRDA:105,1,1,0
BRF:4
BRH:0
end_of_record
TN:
SF:/Users/kenty/kyoino/think-auth/think-admin-back/src/controllers/PlanesController.ts
FN:8,(anonymous_7)
FN:8,(anonymous_8)
FN:36,(anonymous_9)
FN:36,(anonymous_10)
FN:50,(anonymous_11)
FN:50,(anonymous_12)
FN:81,(anonymous_13)
FN:81,(anonymous_14)
FN:119,(anonymous_15)
FN:119,(anonymous_16)
FNF:10
FNH:0
FNDA:0,(anonymous_7)
FNDA:0,(anonymous_8)
FNDA:0,(anonymous_9)
FNDA:0,(anonymous_10)
FNDA:0,(anonymous_11)
FNDA:0,(anonymous_12)
FNDA:0,(anonymous_13)
FNDA:0,(anonymous_14)
FNDA:0,(anonymous_15)
FNDA:0,(anonymous_16)
DA:2,1
DA:3,1
DA:5,1
DA:8,1
DA:10,0
DA:11,0
DA:13,0
DA:15,0
DA:21,0
DA:25,0
DA:26,0
DA:27,0
DA:29,0
DA:30,0
DA:32,0
DA:33,0
DA:36,1
DA:38,0
DA:41,0
DA:42,0
DA:43,0
DA:44,0
DA:46,0
DA:47,0
DA:50,1
DA:52,0
DA:54,0
DA:62,0
DA:63,0
DA:64,0
DA:65,0
DA:69,0
DA:70,0
DA:71,0
DA:73,0
DA:74,0
DA:78,0
DA:81,1
DA:83,0
DA:86,0
DA:89,0
DA:91,0
DA:92,0
DA:95,0
DA:96,0
DA:100,0
DA:102,0
DA:103,0
DA:104,0
DA:105,0
DA:109,0
DA:110,0
DA:112,0
DA:113,0
DA:116,0
DA:119,1
DA:121,0
DA:123,0
DA:124,0
DA:125,0
DA:128,0
DA:130,0
DA:131,0
DA:133,0
DA:134,0
DA:136,0
DA:139,0
DA:143,1
LF:68
LH:9
BRDA:15,0,0,0
BRDA:15,0,1,0
BRDA:16,1,0,0
BRDA:16,1,1,0
BRDA:16,1,2,0
BRDA:16,1,3,0
BRDA:63,2,0,0
BRDA:63,2,1,0
BRDA:103,3,0,0
BRDA:103,3,1,0
BRDA:123,4,0,0
BRDA:123,4,1,0
BRF:12
BRH:0
end_of_record
TN:
SF:/Users/kenty/kyoino/think-auth/think-admin-back/src/controllers/UsersCompaniesController.ts
FN:10,(anonymous_8)
FN:10,(anonymous_9)
FN:25,(anonymous_10)
FN:25,(anonymous_11)
FN:128,(anonymous_12)
FN:131,(anonymous_13)
FN:213,(anonymous_14)
FN:216,(anonymous_15)
FN:316,(anonymous_16)
FN:319,(anonymous_17)
FNF:10
FNH:0
FNDA:0,(anonymous_8)
FNDA:0,(anonymous_9)
FNDA:0,(anonymous_10)
FNDA:0,(anonymous_11)
FNDA:0,(anonymous_12)
FNDA:0,(anonymous_13)
FNDA:0,(anonymous_14)
FNDA:0,(anonymous_15)
FNDA:0,(anonymous_16)
FNDA:0,(anonymous_17)
DA:2,1
DA:3,1
DA:4,1
DA:6,1
DA:7,1
DA:10,1
DA:12,0
DA:15,0
DA:16,0
DA:17,0
DA:18,0
DA:20,0
DA:21,0
DA:25,1
DA:27,0
DA:28,0
DA:39,0
DA:40,0
DA:42,0
DA:48,0
DA:50,0
DA:53,0
DA:54,0
DA:55,0
DA:57,0
DA:58,0
DA:59,0
DA:60,0
DA:62,0
DA:65,0
DA:66,0
DA:67,0
DA:68,0
DA:70,0
DA:73,0
DA:74,0
DA:75,0
DA:76,0
DA:78,0
DA:81,0
DA:82,0
DA:83,0
DA:84,0
DA:86,0
DA:89,0
DA:90,0
DA:91,0
DA:92,0
DA:94,0
DA:97,0
DA:98,0
DA:99,0
DA:100,0
DA:101,0
DA:102,0
DA:104,0
DA:105,0
DA:106,0
DA:111,0
DA:112,0
DA:113,0
DA:115,0
DA:121,0
DA:123,0
DA:124,0
DA:128,1
DA:131,0
DA:150,0
DA:152,0
DA:156,0
DA:171,0
DA:180,0
DA:181,0
DA:182,0
DA:183,0
DA:187,0
DA:190,0
DA:191,0
DA:193,0
DA:195,0
DA:196,0
DA:200,0
DA:201,0
DA:203,0
DA:205,0
DA:206,0
DA:210,0
DA:213,1
DA:216,0
DA:218,0
DA:237,0
DA:240,0
DA:242,0
DA:243,0
DA:246,0
DA:247,0
DA:251,0
DA:253,0
DA:254,0
DA:257,0
DA:258,0
DA:262,0
DA:277,0
DA:284,0
DA:285,0
DA:286,0
DA:287,0
DA:290,0
DA:291,0
DA:292,0
DA:293,0
DA:297,0
DA:298,0
DA:300,0
DA:301,0
DA:305,0
DA:306,0
DA:308,0
DA:309,0
DA:313,0
DA:316,1
DA:319,0
DA:321,0
DA:324,0
DA:326,0
DA:327,0
DA:330,0
DA:331,0
DA:335,0
DA:337,0
DA:338,0
DA:341,0
DA:342,0
DA:358,0
DA:360,0
DA:362,0
DA:364,0
DA:379,0
DA:386,0
DA:387,0
DA:388,0
DA:389,0
DA:392,0
DA:393,0
DA:394,0
DA:395,0
DA:399,0
DA:400,0
DA:402,0
DA:403,0
DA:407,0
DA:408,0
DA:410,0
DA:411,0
DA:415,0
DA:419,1
LF:156
LH:11
BRDA:42,0,0,0
BRDA:42,0,1,0
BRDA:43,1,0,0
BRDA:43,1,1,0
BRDA:43,1,2,0
BRDA:43,1,3,0
BRDA:53,2,0,0
BRDA:53,2,1,0
BRDA:53,3,0,0
BRDA:53,3,1,0
BRDA:57,4,0,0
BRDA:57,4,1,0
BRDA:57,5,0,0
BRDA:57,5,1,0
BRDA:58,6,0,0
BRDA:58,6,1,0
BRDA:65,7,0,0
BRDA:65,7,1,0
BRDA:65,8,0,0
BRDA:65,8,1,0
BRDA:66,9,0,0
BRDA:66,9,1,0
BRDA:73,10,0,0
BRDA:73,10,1,0
BRDA:73,11,0,0
BRDA:73,11,1,0
BRDA:74,12,0,0
BRDA:74,12,1,0
BRDA:81,13,0,0
BRDA:81,13,1,0
BRDA:81,14,0,0
BRDA:81,14,1,0
BRDA:82,15,0,0
BRDA:82,15,1,0
BRDA:89,16,0,0
BRDA:89,16,1,0
BRDA:89,17,0,0
BRDA:89,17,1,0
BRDA:90,18,0,0
BRDA:90,18,1,0
BRDA:97,19,0,0
BRDA:97,19,1,0
BRDA:97,20,0,0
BRDA:97,20,1,0
BRDA:98,21,0,0
BRDA:98,21,1,0
BRDA:181,22,0,0
BRDA:181,22,1,0
BRDA:285,23,0,0
BRDA:285,23,1,0
BRDA:291,24,0,0
BRDA:291,24,1,0
BRDA:387,25,0,0
BRDA:387,25,1,0
BRDA:393,26,0,0
BRDA:393,26,1,0
BRF:56
BRH:0
end_of_record
TN:
SF:/Users/kenty/kyoino/think-auth/think-admin-back/src/entity/Admin.ts
FN:60,(anonymous_3)
FN:68,(anonymous_4)
FN:75,(anonymous_5)
FNF:3
FNH:0
FNDA:0,(anonymous_3)
FNDA:0,(anonymous_4)
FNDA:0,(anonymous_5)
DA:1,1
DA:11,1
DA:27,1
DA:29,1
DA:32,1
DA:35,1
DA:38,1
DA:41,1
DA:44,1
DA:47,1
DA:50,1
DA:54,1
DA:58,1
DA:61,0
DA:62,0
DA:63,0
DA:64,0
DA:69,0
DA:70,0
DA:71,0
DA:72,0
DA:76,0
LF:22
LH:13
BRDA:61,0,0,0
BRDA:61,0,1,0
BRDA:61,0,2,0
BRDA:62,1,0,0
BRDA:62,1,1,0
BRDA:62,1,2,0
BRDA:63,2,0,0
BRDA:63,2,1,0
BRDA:63,2,2,0
BRDA:64,3,0,0
BRDA:64,3,1,0
BRDA:64,3,2,0
BRDA:69,4,0,0
BRDA:69,4,1,0
BRDA:69,4,2,0
BRDA:70,5,0,0
BRDA:70,5,1,0
BRDA:70,5,2,0
BRDA:71,6,0,0
BRDA:71,6,1,0
BRDA:71,6,2,0
BRDA:72,7,0,0
BRDA:72,7,1,0
BRDA:72,7,2,0
BRF:24
BRH:0
end_of_record
TN:
SF:/Users/kenty/kyoino/think-auth/think-admin-back/src/entity/Group.ts
FN:39,(anonymous_2)
FN:45,(anonymous_3)
FNF:2
FNH:0
FNDA:0,(anonymous_2)
FNDA:0,(anonymous_3)
DA:1,1
DA:21,1
DA:23,1
DA:26,1
DA:29,1
DA:33,1
DA:37,1
DA:40,0
DA:41,0
DA:46,0
DA:47,0
LF:11
LH:7
BRDA:40,0,0,0
BRDA:40,0,1,0
BRDA:40,0,2,0
BRDA:41,1,0,0
BRDA:41,1,1,0
BRDA:41,1,2,0
BRDA:46,2,0,0
BRDA:46,2,1,0
BRDA:46,2,2,0
BRDA:47,3,0,0
BRDA:47,3,1,0
BRDA:47,3,2,0
BRF:12
BRH:0
end_of_record
TN:
SF:/Users/kenty/kyoino/think-auth/think-admin-back/src/entity/Maintenances.ts
FN:34,(anonymous_2)
FN:40,(anonymous_3)
FNF:2
FNH:0
FNDA:0,(anonymous_2)
FNDA:0,(anonymous_3)
DA:1,1
DA:19,1
DA:21,1
DA:24,1
DA:28,1
DA:32,1
DA:35,0
DA:36,0
DA:41,0
DA:42,0
LF:10
LH:6
BRDA:35,0,0,0
BRDA:35,0,1,0
BRDA:35,0,2,0
BRDA:36,1,0,0
BRDA:36,1,1,0
BRDA:36,1,2,0
BRDA:41,2,0,0
BRDA:41,2,1,0
BRDA:41,2,2,0
BRDA:42,3,0,0
BRDA:42,3,1,0
BRDA:42,3,2,0
BRF:12
BRH:0
end_of_record
TN:
SF:/Users/kenty/kyoino/think-auth/think-admin-back/src/entity/Notice.ts
FN:47,(anonymous_2)
FN:56,(anonymous_3)
FNF:2
FNH:0
FNDA:0,(anonymous_2)
FNDA:0,(anonymous_3)
DA:1,1
DA:23,1
DA:25,1
DA:28,1
DA:31,1
DA:34,1
DA:37,1
DA:41,1
DA:45,1
DA:48,0
DA:49,0
DA:50,0
DA:51,0
DA:52,0
DA:57,0
DA:58,0
LF:16
LH:9
BRDA:48,0,0,0
BRDA:48,0,1,0
BRDA:48,0,2,0
BRDA:49,1,0,0
BRDA:49,1,1,0
BRDA:49,1,2,0
BRDA:50,2,0,0
BRDA:50,2,1,0
BRDA:50,2,2,0
BRDA:51,3,0,0
BRDA:51,3,1,0
BRDA:51,3,2,0
BRDA:52,4,0,0
BRDA:52,4,1,0
BRDA:52,4,2,0
BRDA:57,5,0,0
BRDA:57,5,1,0
BRDA:57,5,2,0
BRDA:58,6,0,0
BRDA:58,6,1,0
BRDA:58,6,2,0
BRF:21
BRH:0
end_of_record
TN:
SF:/Users/kenty/kyoino/think-auth/think-admin-back/src/entity/Planes.ts
FN:43,(anonymous_2)
FN:51,(anonymous_3)
FNF:2
FNH:0
FNDA:0,(anonymous_2)
FNDA:0,(anonymous_3)
DA:1,1
DA:22,1
DA:24,1
DA:27,1
DA:30,1
DA:33,1
DA:37,1
DA:41,1
DA:44,0
DA:45,0
DA:46,0
DA:47,0
DA:52,0
DA:53,0
DA:54,0
DA:55,0
LF:16
LH:8
BRDA:44,0,0,0
BRDA:44,0,1,0
BRDA:44,0,2,0
BRDA:45,1,0,0
BRDA:45,1,1,0
BRDA:45,1,2,0
BRDA:46,2,0,0
BRDA:46,2,1,0
BRDA:46,2,2,0
BRDA:47,3,0,0
BRDA:47,3,1,0
BRDA:47,3,2,0
BRDA:52,4,0,0
BRDA:52,4,1,0
BRDA:52,4,2,0
BRDA:53,5,0,0
BRDA:53,5,1,0
BRDA:53,5,2,0
BRDA:54,6,0,0
BRDA:54,6,1,0
BRDA:54,6,2,0
BRDA:55,7,0,0
BRDA:55,7,1,0
BRDA:55,7,2,0
BRF:24
BRH:0
end_of_record
TN:
SF:/Users/kenty/kyoino/think-auth/think-admin-back/src/entity/Role.ts
FN:33,(anonymous_2)
FNF:1
FNH:0
FNDA:0,(anonymous_2)
DA:1,1
DA:9,1
DA:17,1
DA:19,1
DA:23,1
DA:27,1
DA:31,1
DA:34,0
LF:8
LH:7
BRDA:34,0,0,0
BRDA:34,0,1,0
BRDA:34,0,2,0
BRF:3
BRH:0
end_of_record
TN:
SF:/Users/kenty/kyoino/think-auth/think-admin-back/src/entity/Users.ts
FN:87,(anonymous_3)
FN:96,(anonymous_4)
FN:103,(anonymous_5)
FNF:3
FNH:0
FNDA:0,(anonymous_3)
FNDA:0,(anonymous_4)
FNDA:0,(anonymous_5)
DA:1,1
DA:11,1
DA:30,1
DA:32,1
DA:35,1
DA:38,1
DA:41,1
DA:44,1
DA:47,1
DA:50,1
DA:53,1
DA:56,1
DA:59,1
DA:62,1
DA:65,1
DA:68,1
DA:71,1
DA:74,1
DA:77,1
DA:81,1
DA:85,1
DA:88,0
DA:89,0
DA:90,0
DA:91,0
DA:92,0
DA:97,0
DA:98,0
DA:99,0
DA:100,0
DA:104,0
LF:31
LH:21
BRDA:88,0,0,0
BRDA:88,0,1,0
BRDA:88,0,2,0
BRDA:89,1,0,0
BRDA:89,1,1,0
BRDA:89,1,2,0
BRDA:90,2,0,0
BRDA:90,2,1,0
BRDA:90,2,2,0
BRDA:91,3,0,0
BRDA:91,3,1,0
BRDA:91,3,2,0
BRDA:92,4,0,0
BRDA:92,4,1,0
BRDA:92,4,2,0
BRDA:97,5,0,0
BRDA:97,5,1,0
BRDA:97,5,2,0
BRDA:98,6,0,0
BRDA:98,6,1,0
BRDA:98,6,2,0
BRDA:99,7,0,0
BRDA:99,7,1,0
BRDA:99,7,2,0
BRDA:100,8,0,0
BRDA:100,8,1,0
BRDA:100,8,2,0
BRF:27
BRH:0
end_of_record
TN:
SF:/Users/kenty/kyoino/think-auth/think-admin-back/src/entity/UsersCompanies.ts
FN:75,(anonymous_2)
FN:92,(anonymous_3)
FNF:2
FNH:0
FNDA:0,(anonymous_2)
FNDA:0,(anonymous_3)
DA:1,1
DA:30,1
DA:32,1
DA:35,1
DA:38,1
DA:41,1
DA:44,1
DA:47,1
DA:50,1
DA:53,1
DA:56,1
DA:59,1
DA:62,1
DA:65,1
DA:69,1
DA:73,1
DA:76,0
DA:77,0
DA:78,0
DA:79,0
DA:80,0
DA:81,0
DA:82,0
DA:83,0
DA:84,0
DA:86,0
DA:87,0
DA:88,0
DA:93,0
DA:94,0
DA:95,0
DA:96,0
DA:97,0
DA:98,0
DA:99,0
DA:100,0
DA:101,0
DA:103,0
DA:104,0
DA:105,0
LF:40
LH:16
BRDA:76,0,0,0
BRDA:76,0,1,0
BRDA:76,0,2,0
BRDA:77,1,0,0
BRDA:77,1,1,0
BRDA:77,1,2,0
BRDA:78,2,0,0
BRDA:78,2,1,0
BRDA:78,2,2,0
BRDA:79,3,0,0
BRDA:79,3,1,0
BRDA:79,3,2,0
BRDA:80,4,0,0
BRDA:80,4,1,0
BRDA:80,4,2,0
BRDA:81,5,0,0
BRDA:81,5,1,0
BRDA:81,5,2,0
BRDA:82,6,0,0
BRDA:82,6,1,0
BRDA:82,6,2,0
BRDA:83,7,0,0
BRDA:83,7,1,0
BRDA:83,7,2,0
BRDA:85,8,0,0
BRDA:85,8,1,0
BRDA:85,8,2,0
BRDA:86,9,0,0
BRDA:86,9,1,0
BRDA:86,9,2,0
BRDA:87,10,0,0
BRDA:87,10,1,0
BRDA:87,10,2,0
BRDA:88,11,0,0
BRDA:88,11,1,0
BRDA:88,11,2,0
BRDA:93,12,0,0
BRDA:93,12,1,0
BRDA:93,12,2,0
BRDA:94,13,0,0
BRDA:94,13,1,0
BRDA:94,13,2,0
BRDA:95,14,0,0
BRDA:95,14,1,0
BRDA:95,14,2,0
BRDA:96,15,0,0
BRDA:96,15,1,0
BRDA:96,15,2,0
BRDA:97,16,0,0
BRDA:97,16,1,0
BRDA:97,16,2,0
BRDA:98,17,0,0
BRDA:98,17,1,0
BRDA:98,17,2,0
BRDA:99,18,0,0
BRDA:99,18,1,0
BRDA:99,18,2,0
BRDA:100,19,0,0
BRDA:100,19,1,0
BRDA:100,19,2,0
BRDA:102,20,0,0
BRDA:102,20,1,0
BRDA:102,20,2,0
BRDA:103,21,0,0
BRDA:103,21,1,0
BRDA:103,21,2,0
BRDA:104,22,0,0
BRDA:104,22,1,0
BRDA:104,22,2,0
BRDA:105,23,0,0
BRDA:105,23,1,0
BRDA:105,23,2,0
BRF:72
BRH:0
end_of_record
TN:
SF:/Users/kenty/kyoino/think-auth/think-admin-back/src/middlewares/addHALHeaders.ts
FN:3,(anonymous_0)
FN:3,(anonymous_1)
FNF:2
FNH:2
FNDA:1,(anonymous_0)
FNDA:1,(anonymous_1)
DA:3,2
DA:20,1
DA:21,1
DA:23,2
LF:4
LH:4
BRF:0
BRH:0
end_of_record
TN:
SF:/Users/kenty/kyoino/think-auth/think-admin-back/src/middlewares/checkJwt.ts
FN:5,(anonymous_2)
FNF:1
FNH:0
FNDA:0,(anonymous_2)
DA:2,1
DA:3,1
DA:5,1
DA:11,0
DA:12,0
DA:14,0
DA:15,0
DA:17,0
DA:21,0
DA:23,0
DA:24,0
DA:27,0
DA:28,0
DA:33,0
DA:34,0
DA:37,0
DA:40,0
LF:17
LH:3
BRDA:12,0,0,0
BRDA:12,0,1,0
BRF:2
BRH:0
end_of_record
TN:
SF:/Users/kenty/kyoino/think-auth/think-admin-back/src/middlewares/checkRole.ts
FN:7,(anonymous_7)
FN:12,(anonymous_8)
FN:19,(anonymous_9)
FN:23,(anonymous_10)
FN:45,(anonymous_11)
FNF:5
FNH:2
FNDA:5,(anonymous_7)
FNDA:5,(anonymous_8)
FNDA:0,(anonymous_9)
FNDA:0,(anonymous_10)
FNDA:0,(anonymous_11)
DA:2,1
DA:4,1
DA:5,1
DA:7,1
DA:11,5
DA:12,5
DA:13,5
DA:14,5
DA:16,0
DA:19,5
DA:23,0
DA:25,0
DA:28,0
DA:30,0
DA:31,0
DA:32,0
DA:34,0
DA:38,0
DA:41,0
DA:42,0
DA:44,0
DA:45,0
DA:46,0
DA:47,0
DA:48,0
DA:51,0
DA:52,0
DA:53,0
LF:28
LH:9
BRDA:13,0,0,5
BRDA:13,0,1,0
BRDA:41,1,0,0
BRDA:41,1,1,0
BRDA:41,2,0,0
BRDA:41,2,1,0
BRDA:46,3,0,0
BRDA:46,3,1,0
BRDA:51,4,0,0
BRDA:51,4,1,0
BRF:10
BRH:1
end_of_record
TN:
SF:/Users/kenty/kyoino/think-auth/think-admin-back/src/middlewares/error.ts
FN:3,(anonymous_0)
FN:3,(anonymous_1)
FNF:2
FNH:0
FNDA:0,(anonymous_0)
FNDA:0,(anonymous_1)
DA:3,1
DA:11,0
DA:12,0
DA:13,0
DA:15,1
LF:5
LH:2
BRDA:12,0,0,0
BRDA:12,0,1,0
BRF:2
BRH:0
end_of_record
TN:
SF:/Users/kenty/kyoino/think-auth/think-admin-back/src/middlewares/openAPIDoc.ts
FN:4,(anonymous_1)
FN:4,(anonymous_2)
FNF:2
FNH:0
FNDA:0,(anonymous_1)
FNDA:0,(anonymous_2)
DA:2,1
DA:4,1
DA:9,0
DA:10,0
DA:11,0
LF:5
LH:2
BRF:0
BRH:0
end_of_record
TN:
SF:/Users/kenty/kyoino/think-auth/think-admin-back/src/routes/admins.ts
FNF:0
FNH:0
DA:1,1
DA:2,1
DA:3,1
DA:5,1
DA:7,1
DA:10,1
DA:12,1
LF:7
LH:7
BRF:0
BRH:0
end_of_record
TN:
SF:/Users/kenty/kyoino/think-auth/think-admin-back/src/routes/groups.ts
FNF:0
FNH:0
DA:1,1
DA:2,1
DA:3,1
DA:4,1
DA:6,1
DA:9,1
DA:12,1
DA:13,1
DA:16,1
DA:23,1
DA:29,1
LF:11
LH:11
BRF:0
BRH:0
end_of_record
TN:
SF:/Users/kenty/kyoino/think-auth/think-admin-back/src/routes/index.ts
FN:11,(anonymous_1)
FNF:1
FNH:0
FNDA:0,(anonymous_1)
DA:1,1
DA:2,1
DA:3,1
DA:4,1
DA:5,1
DA:6,1
DA:7,1
DA:9,1
DA:11,1
DA:12,0
DA:18,0
DA:22,1
DA:23,1
DA:24,1
DA:25,1
DA:26,1
DA:27,1
DA:29,1
LF:18
LH:16
BRF:0
BRH:0
end_of_record
TN:
SF:/Users/kenty/kyoino/think-auth/think-admin-back/src/routes/maintenances.ts
FNF:0
FNH:0
DA:1,1
DA:4,1
DA:6,1
DA:9,1
DA:16,1
DA:22,1
LF:6
LH:6
BRF:0
BRH:0
end_of_record
TN:
SF:/Users/kenty/kyoino/think-auth/think-admin-back/src/routes/notice.ts
FNF:0
FNH:0
DA:1,1
DA:4,1
DA:7,1
DA:10,1
DA:17,1
DA:24,1
DA:31,1
DA:38,1
DA:44,1
LF:9
LH:9
BRF:0
BRH:0
end_of_record
TN:
SF:/Users/kenty/kyoino/think-auth/think-admin-back/src/routes/planes.ts
FNF:0
FNH:0
DA:1,1
DA:2,1
DA:6,1
DA:9,1
DA:16,1
DA:23,1
DA:30,1
DA:37,1
DA:43,1
LF:9
LH:9
BRF:0
BRH:0
end_of_record
TN:
SF:/Users/kenty/kyoino/think-auth/think-admin-back/src/routes/userCompanies.ts
FNF:0
FNH:0
DA:1,1
DA:2,1
DA:7,1
DA:10,1
DA:17,1
DA:24,1
DA:27,1
DA:34,1
DA:41,1
DA:47,1
LF:10
LH:10
BRF:0
BRH:0
end_of_record
TN:
SF:/Users/kenty/kyoino/think-auth/think-admin-back/src/utils/to_hash.ts
FN:3,toHash
FNF:1
FNH:0
FNDA:0,toHash
DA:1,1
DA:4,0
DA:7,1
LF:3
LH:2
BRF:0
BRH:0
end_of_record
